* installing *source* package ‘BiocNeighbors’ ...
** using staged installation
** libs
g++ -std=gnu++11 -I"/usr/local/lib/R/include" -DNDEBUG -I../inst/include/ -I'/__w/gha-build/gha-build/built/Rcpp/include' -I'/__w/gha-build/gha-build/built/RcppHNSW/include' -I/usr/local/include   -fpic  -g -O2 -fstack-protector-strong -Wformat -Werror=format-security -Wdate-time -D_FORTIFY_SOURCE=2 -g  -c RcppExports.cpp -o RcppExports.o
g++ -std=gnu++11 -I"/usr/local/lib/R/include" -DNDEBUG -I../inst/include/ -I'/__w/gha-build/gha-build/built/Rcpp/include' -I'/__w/gha-build/gha-build/built/RcppHNSW/include' -I/usr/local/include   -fpic  -g -O2 -fstack-protector-strong -Wformat -Werror=format-security -Wdate-time -D_FORTIFY_SOURCE=2 -g  -c annoy.cpp -o annoy.o
g++ -std=gnu++11 -I"/usr/local/lib/R/include" -DNDEBUG -I../inst/include/ -I'/__w/gha-build/gha-build/built/Rcpp/include' -I'/__w/gha-build/gha-build/built/RcppHNSW/include' -I/usr/local/include   -fpic  -g -O2 -fstack-protector-strong -Wformat -Werror=format-security -Wdate-time -D_FORTIFY_SOURCE=2 -g  -c build_annoy.cpp -o build_annoy.o
g++ -std=gnu++11 -I"/usr/local/lib/R/include" -DNDEBUG -I../inst/include/ -I'/__w/gha-build/gha-build/built/Rcpp/include' -I'/__w/gha-build/gha-build/built/RcppHNSW/include' -I/usr/local/include   -fpic  -g -O2 -fstack-protector-strong -Wformat -Werror=format-security -Wdate-time -D_FORTIFY_SOURCE=2 -g  -c build_hnsw.cpp -o build_hnsw.o
g++ -std=gnu++11 -I"/usr/local/lib/R/include" -DNDEBUG -I../inst/include/ -I'/__w/gha-build/gha-build/built/Rcpp/include' -I'/__w/gha-build/gha-build/built/RcppHNSW/include' -I/usr/local/include   -fpic  -g -O2 -fstack-protector-strong -Wformat -Werror=format-security -Wdate-time -D_FORTIFY_SOURCE=2 -g  -c build_vptree.cpp -o build_vptree.o
g++ -std=gnu++11 -I"/usr/local/lib/R/include" -DNDEBUG -I../inst/include/ -I'/__w/gha-build/gha-build/built/Rcpp/include' -I'/__w/gha-build/gha-build/built/RcppHNSW/include' -I/usr/local/include   -fpic  -g -O2 -fstack-protector-strong -Wformat -Werror=format-security -Wdate-time -D_FORTIFY_SOURCE=2 -g  -c distances.cpp -o distances.o
g++ -std=gnu++11 -I"/usr/local/lib/R/include" -DNDEBUG -I../inst/include/ -I'/__w/gha-build/gha-build/built/Rcpp/include' -I'/__w/gha-build/gha-build/built/RcppHNSW/include' -I/usr/local/include   -fpic  -g -O2 -fstack-protector-strong -Wformat -Werror=format-security -Wdate-time -D_FORTIFY_SOURCE=2 -g  -c exhaustive.cpp -o exhaustive.o
g++ -std=gnu++11 -I"/usr/local/lib/R/include" -DNDEBUG -I../inst/include/ -I'/__w/gha-build/gha-build/built/Rcpp/include' -I'/__w/gha-build/gha-build/built/RcppHNSW/include' -I/usr/local/include   -fpic  -g -O2 -fstack-protector-strong -Wformat -Werror=format-security -Wdate-time -D_FORTIFY_SOURCE=2 -g  -c find_annoy.cpp -o find_annoy.o
g++ -std=gnu++11 -I"/usr/local/lib/R/include" -DNDEBUG -I../inst/include/ -I'/__w/gha-build/gha-build/built/Rcpp/include' -I'/__w/gha-build/gha-build/built/RcppHNSW/include' -I/usr/local/include   -fpic  -g -O2 -fstack-protector-strong -Wformat -Werror=format-security -Wdate-time -D_FORTIFY_SOURCE=2 -g  -c find_exhaustive.cpp -o find_exhaustive.o
g++ -std=gnu++11 -I"/usr/local/lib/R/include" -DNDEBUG -I../inst/include/ -I'/__w/gha-build/gha-build/built/Rcpp/include' -I'/__w/gha-build/gha-build/built/RcppHNSW/include' -I/usr/local/include   -fpic  -g -O2 -fstack-protector-strong -Wformat -Werror=format-security -Wdate-time -D_FORTIFY_SOURCE=2 -g  -c find_hnsw.cpp -o find_hnsw.o
g++ -std=gnu++11 -I"/usr/local/lib/R/include" -DNDEBUG -I../inst/include/ -I'/__w/gha-build/gha-build/built/Rcpp/include' -I'/__w/gha-build/gha-build/built/RcppHNSW/include' -I/usr/local/include   -fpic  -g -O2 -fstack-protector-strong -Wformat -Werror=format-security -Wdate-time -D_FORTIFY_SOURCE=2 -g  -c find_kmknn.cpp -o find_kmknn.o
g++ -std=gnu++11 -I"/usr/local/lib/R/include" -DNDEBUG -I../inst/include/ -I'/__w/gha-build/gha-build/built/Rcpp/include' -I'/__w/gha-build/gha-build/built/RcppHNSW/include' -I/usr/local/include   -fpic  -g -O2 -fstack-protector-strong -Wformat -Werror=format-security -Wdate-time -D_FORTIFY_SOURCE=2 -g  -c find_mutual_nns.cpp -o find_mutual_nns.o
g++ -std=gnu++11 -I"/usr/local/lib/R/include" -DNDEBUG -I../inst/include/ -I'/__w/gha-build/gha-build/built/Rcpp/include' -I'/__w/gha-build/gha-build/built/RcppHNSW/include' -I/usr/local/include   -fpic  -g -O2 -fstack-protector-strong -Wformat -Werror=format-security -Wdate-time -D_FORTIFY_SOURCE=2 -g  -c find_vptree.cpp -o find_vptree.o
g++ -std=gnu++11 -I"/usr/local/lib/R/include" -DNDEBUG -I../inst/include/ -I'/__w/gha-build/gha-build/built/Rcpp/include' -I'/__w/gha-build/gha-build/built/RcppHNSW/include' -I/usr/local/include   -fpic  -g -O2 -fstack-protector-strong -Wformat -Werror=format-security -Wdate-time -D_FORTIFY_SOURCE=2 -g  -c hnsw.cpp -o hnsw.o
g++ -std=gnu++11 -I"/usr/local/lib/R/include" -DNDEBUG -I../inst/include/ -I'/__w/gha-build/gha-build/built/Rcpp/include' -I'/__w/gha-build/gha-build/built/RcppHNSW/include' -I/usr/local/include   -fpic  -g -O2 -fstack-protector-strong -Wformat -Werror=format-security -Wdate-time -D_FORTIFY_SOURCE=2 -g  -c kmknn.cpp -o kmknn.o
g++ -std=gnu++11 -I"/usr/local/lib/R/include" -DNDEBUG -I../inst/include/ -I'/__w/gha-build/gha-build/built/Rcpp/include' -I'/__w/gha-build/gha-build/built/RcppHNSW/include' -I/usr/local/include   -fpic  -g -O2 -fstack-protector-strong -Wformat -Werror=format-security -Wdate-time -D_FORTIFY_SOURCE=2 -g  -c query_annoy.cpp -o query_annoy.o
g++ -std=gnu++11 -I"/usr/local/lib/R/include" -DNDEBUG -I../inst/include/ -I'/__w/gha-build/gha-build/built/Rcpp/include' -I'/__w/gha-build/gha-build/built/RcppHNSW/include' -I/usr/local/include   -fpic  -g -O2 -fstack-protector-strong -Wformat -Werror=format-security -Wdate-time -D_FORTIFY_SOURCE=2 -g  -c query_exhaustive.cpp -o query_exhaustive.o
g++ -std=gnu++11 -I"/usr/local/lib/R/include" -DNDEBUG -I../inst/include/ -I'/__w/gha-build/gha-build/built/Rcpp/include' -I'/__w/gha-build/gha-build/built/RcppHNSW/include' -I/usr/local/include   -fpic  -g -O2 -fstack-protector-strong -Wformat -Werror=format-security -Wdate-time -D_FORTIFY_SOURCE=2 -g  -c query_hnsw.cpp -o query_hnsw.o
g++ -std=gnu++11 -I"/usr/local/lib/R/include" -DNDEBUG -I../inst/include/ -I'/__w/gha-build/gha-build/built/Rcpp/include' -I'/__w/gha-build/gha-build/built/RcppHNSW/include' -I/usr/local/include   -fpic  -g -O2 -fstack-protector-strong -Wformat -Werror=format-security -Wdate-time -D_FORTIFY_SOURCE=2 -g  -c query_kmknn.cpp -o query_kmknn.o
g++ -std=gnu++11 -I"/usr/local/lib/R/include" -DNDEBUG -I../inst/include/ -I'/__w/gha-build/gha-build/built/Rcpp/include' -I'/__w/gha-build/gha-build/built/RcppHNSW/include' -I/usr/local/include   -fpic  -g -O2 -fstack-protector-strong -Wformat -Werror=format-security -Wdate-time -D_FORTIFY_SOURCE=2 -g  -c query_vptree.cpp -o query_vptree.o
g++ -std=gnu++11 -I"/usr/local/lib/R/include" -DNDEBUG -I../inst/include/ -I'/__w/gha-build/gha-build/built/Rcpp/include' -I'/__w/gha-build/gha-build/built/RcppHNSW/include' -I/usr/local/include   -fpic  -g -O2 -fstack-protector-strong -Wformat -Werror=format-security -Wdate-time -D_FORTIFY_SOURCE=2 -g  -c utils.cpp -o utils.o
g++ -std=gnu++11 -I"/usr/local/lib/R/include" -DNDEBUG -I../inst/include/ -I'/__w/gha-build/gha-build/built/Rcpp/include' -I'/__w/gha-build/gha-build/built/RcppHNSW/include' -I/usr/local/include   -fpic  -g -O2 -fstack-protector-strong -Wformat -Werror=format-security -Wdate-time -D_FORTIFY_SOURCE=2 -g  -c vptree.cpp -o vptree.o
g++ -std=gnu++11 -shared -L/usr/local/lib/R/lib -L/usr/local/lib -o BiocNeighbors.so RcppExports.o annoy.o build_annoy.o build_hnsw.o build_vptree.o distances.o exhaustive.o find_annoy.o find_exhaustive.o find_hnsw.o find_kmknn.o find_mutual_nns.o find_vptree.o hnsw.o kmknn.o query_annoy.o query_exhaustive.o query_hnsw.o query_kmknn.o query_vptree.o utils.o vptree.o -L/usr/local/lib/R/lib -lR
installing to /__w/gha-build/gha-build/built/00LOCK-BiocNeighbors/00new/BiocNeighbors/libs
** R
** inst
** byte-compile and prepare package for lazy loading
** help
*** installing help indices
** building package indices
** installing vignettes
** testing if installed package can be loaded from temporary location
** checking absolute paths in shared objects and dynamic libraries
** testing if installed package can be loaded from final location
** testing if installed package keeps a record of temporary installation path
* creating tarball
packaged installation of ‘BiocNeighbors’ as ‘BiocNeighbors_1.14.0_R_x86_64-pc-linux-gnu.tar.gz’
* DONE (BiocNeighbors)
