* installing *source* package ‘csdR’ ...
** using staged installation
** libs
g++ -std=gnu++14 -I"/usr/local/lib/R/include" -DNDEBUG  -I'/__w/gha-build/gha-build/built/Rcpp/include' -I/usr/local/include  -fopenmp -fpic  -g -O2 -fstack-protector-strong -Wformat -Werror=format-security -Wdate-time -D_FORTIFY_SOURCE=2 -g  -c RcppExports.cpp -o RcppExports.o
g++ -std=gnu++14 -I"/usr/local/lib/R/include" -DNDEBUG  -I'/__w/gha-build/gha-build/built/Rcpp/include' -I/usr/local/include  -fopenmp -fpic  -g -O2 -fstack-protector-strong -Wformat -Werror=format-security -Wdate-time -D_FORTIFY_SOURCE=2 -g  -c partial_argsort.cpp -o partial_argsort.o
g++ -std=gnu++14 -I"/usr/local/lib/R/include" -DNDEBUG  -I'/__w/gha-build/gha-build/built/Rcpp/include' -I/usr/local/include  -fopenmp -fpic  -g -O2 -fstack-protector-strong -Wformat -Werror=format-security -Wdate-time -D_FORTIFY_SOURCE=2 -g  -c summarize_results.cpp -o summarize_results.o
g++ -std=gnu++14 -I"/usr/local/lib/R/include" -DNDEBUG  -I'/__w/gha-build/gha-build/built/Rcpp/include' -I/usr/local/include  -fopenmp -fpic  -g -O2 -fstack-protector-strong -Wformat -Werror=format-security -Wdate-time -D_FORTIFY_SOURCE=2 -g  -c welford.cpp -o welford.o
g++ -std=gnu++14 -shared -L/usr/local/lib/R/lib -L/usr/local/lib -o csdR.so RcppExports.o partial_argsort.o summarize_results.o welford.o -fopenmp -L/usr/local/lib/R/lib -lR
installing to /__w/gha-build/gha-build/built/00LOCK-csdR/00new/csdR/libs
** R
** data
** inst
** byte-compile and prepare package for lazy loading
** help
*** installing help indices
** building package indices
** installing vignettes
** testing if installed package can be loaded from temporary location
** checking absolute paths in shared objects and dynamic libraries
** testing if installed package can be loaded from final location
** testing if installed package keeps a record of temporary installation path
* creating tarball
packaged installation of ‘csdR’ as ‘csdR_1.2.0_R_x86_64-pc-linux-gnu.tar.gz’
* DONE (csdR)
