* installing *source* package ‘DirichletMultinomial’ ...
** using staged installation
** libs
gcc -I"/usr/local/lib/R/include" -DNDEBUG   -I/usr/local/include  `gsl-config --cflags` -DR_DIRICHLETMULTINOMIAL -fpic  -g -O2 -fstack-protector-strong -Wformat -Werror=format-security -Wdate-time -D_FORTIFY_SOURCE=2 -g  -c R_init_DirichletMultinomial.c -o R_init_DirichletMultinomial.o
gcc -I"/usr/local/lib/R/include" -DNDEBUG   -I/usr/local/include  `gsl-config --cflags` -DR_DIRICHLETMULTINOMIAL -fpic  -g -O2 -fstack-protector-strong -Wformat -Werror=format-security -Wdate-time -D_FORTIFY_SOURCE=2 -g  -c dirichlet_fit.c -o dirichlet_fit.o
gcc -I"/usr/local/lib/R/include" -DNDEBUG   -I/usr/local/include  `gsl-config --cflags` -DR_DIRICHLETMULTINOMIAL -fpic  -g -O2 -fstack-protector-strong -Wformat -Werror=format-security -Wdate-time -D_FORTIFY_SOURCE=2 -g  -c dirichlet_fit_main.c -o dirichlet_fit_main.o
gcc -shared -L/usr/local/lib/R/lib -L/usr/local/lib -o DirichletMultinomial.so R_init_DirichletMultinomial.o dirichlet_fit.o dirichlet_fit_main.o -L/usr/lib/x86_64-linux-gnu -lgsl -lgslcblas -lm -L/usr/local/lib/R/lib -lR
installing to /__w/gha-build/gha-build/built/00LOCK-DirichletMultinomial/00new/DirichletMultinomial/libs
** R
** data
** inst
** byte-compile and prepare package for lazy loading
** help
*** installing help indices
** building package indices
** installing vignettes
** testing if installed package can be loaded from temporary location
** checking absolute paths in shared objects and dynamic libraries
** testing if installed package can be loaded from final location
** testing if installed package keeps a record of temporary installation path
* creating tarball
packaged installation of ‘DirichletMultinomial’ as ‘DirichletMultinomial_1.38.0_R_x86_64-pc-linux-gnu.tar.gz’
* DONE (DirichletMultinomial)
