* installing *source* package ‘DNAcopy’ ...
** using staged installation
** libs
gfortran -fno-optimize-sibling-calls  -fpic  -g -O2  -c cbsWtstats.f -o cbsWtstats.o
gfortran -fno-optimize-sibling-calls  -fpic  -g -O2  -c cbststats.f -o cbststats.o
gfortran -fno-optimize-sibling-calls  -fpic  -g -O2  -c changepoints-wtd.f -o changepoints-wtd.o
gfortran -fno-optimize-sibling-calls  -fpic  -g -O2  -c changepoints.f -o changepoints.o
gfortran -fno-optimize-sibling-calls  -fpic  -g -O2  -c esegment.f -o esegment.o
gcc -I"/usr/local/lib/R/include" -DNDEBUG   -I/usr/local/include   -fpic  -g -O2 -fstack-protector-strong -Wformat -Werror=format-security -Wdate-time -D_FORTIFY_SOURCE=2 -g  -c flchoose.c -o flchoose.o
gcc -I"/usr/local/lib/R/include" -DNDEBUG   -I/usr/local/include   -fpic  -g -O2 -fstack-protector-strong -Wformat -Werror=format-security -Wdate-time -D_FORTIFY_SOURCE=2 -g  -c fphyper.c -o fphyper.o
gcc -I"/usr/local/lib/R/include" -DNDEBUG   -I/usr/local/include   -fpic  -g -O2 -fstack-protector-strong -Wformat -Werror=format-security -Wdate-time -D_FORTIFY_SOURCE=2 -g  -c fpnorm.c -o fpnorm.o
gfortran -fno-optimize-sibling-calls  -fpic  -g -O2  -c getbdry.f -o getbdry.o
gfortran -fno-optimize-sibling-calls  -fpic  -g -O2  -c prune.f -o prune.o
gcc -I"/usr/local/lib/R/include" -DNDEBUG   -I/usr/local/include   -fpic  -g -O2 -fstack-protector-strong -Wformat -Werror=format-security -Wdate-time -D_FORTIFY_SOURCE=2 -g  -c rshared.c -o rshared.o
gfortran -fno-optimize-sibling-calls  -fpic  -g -O2  -c segmentp.f -o segmentp.o
gfortran -fno-optimize-sibling-calls  -fpic  -g -O2  -c smoothCNA.f -o smoothCNA.o
gfortran -fno-optimize-sibling-calls  -fpic  -g -O2  -c tailprobs.f -o tailprobs.o
gcc -shared -L/usr/local/lib/R/lib -L/usr/local/lib -o DNAcopy.so cbsWtstats.o cbststats.o changepoints-wtd.o changepoints.o esegment.o flchoose.o fphyper.o fpnorm.o getbdry.o prune.o rshared.o segmentp.o smoothCNA.o tailprobs.o -lgfortran -lm -lquadmath -L/usr/local/lib/R/lib -lR
installing to /__w/gha-build/gha-build/built/00LOCK-DNAcopy/00new/DNAcopy/libs
** R
** data
*** moving datasets to lazyload DB
** demo
** inst
** byte-compile and prepare package for lazy loading
** help
*** installing help indices
** building package indices
** installing vignettes
** testing if installed package can be loaded from temporary location
** checking absolute paths in shared objects and dynamic libraries
** testing if installed package can be loaded from final location
** testing if installed package keeps a record of temporary installation path
* creating tarball
packaged installation of ‘DNAcopy’ as ‘DNAcopy_1.70.0_R_x86_64-pc-linux-gnu.tar.gz’
* DONE (DNAcopy)
