* installing *source* package ‘edgeR’ ...
** using staged installation
** libs
g++ -std=gnu++11 -I"/usr/local/lib/R/include" -DNDEBUG  -I'/__w/gha-build/gha-build/built/Rcpp/include' -I/usr/local/include   -fpic  -g -O2 -fstack-protector-strong -Wformat -Werror=format-security -Wdate-time -D_FORTIFY_SOURCE=2 -g  -c R_add_prior_count.cpp -o R_add_prior_count.o
g++ -std=gnu++11 -I"/usr/local/lib/R/include" -DNDEBUG  -I'/__w/gha-build/gha-build/built/Rcpp/include' -I/usr/local/include   -fpic  -g -O2 -fstack-protector-strong -Wformat -Werror=format-security -Wdate-time -D_FORTIFY_SOURCE=2 -g  -c R_ave_log_cpm.cpp -o R_ave_log_cpm.o
g++ -std=gnu++11 -I"/usr/local/lib/R/include" -DNDEBUG  -I'/__w/gha-build/gha-build/built/Rcpp/include' -I/usr/local/include   -fpic  -g -O2 -fstack-protector-strong -Wformat -Werror=format-security -Wdate-time -D_FORTIFY_SOURCE=2 -g  -c R_calculate_cpm.cpp -o R_calculate_cpm.o
g++ -std=gnu++11 -I"/usr/local/lib/R/include" -DNDEBUG  -I'/__w/gha-build/gha-build/built/Rcpp/include' -I/usr/local/include   -fpic  -g -O2 -fstack-protector-strong -Wformat -Werror=format-security -Wdate-time -D_FORTIFY_SOURCE=2 -g  -c R_check_poisson_bound.cpp -o R_check_poisson_bound.o
g++ -std=gnu++11 -I"/usr/local/lib/R/include" -DNDEBUG  -I'/__w/gha-build/gha-build/built/Rcpp/include' -I/usr/local/include   -fpic  -g -O2 -fstack-protector-strong -Wformat -Werror=format-security -Wdate-time -D_FORTIFY_SOURCE=2 -g  -c R_compute_apl.cpp -o R_compute_apl.o
g++ -std=gnu++11 -I"/usr/local/lib/R/include" -DNDEBUG  -I'/__w/gha-build/gha-build/built/Rcpp/include' -I/usr/local/include   -fpic  -g -O2 -fstack-protector-strong -Wformat -Werror=format-security -Wdate-time -D_FORTIFY_SOURCE=2 -g  -c R_compute_nbdev.cpp -o R_compute_nbdev.o
g++ -std=gnu++11 -I"/usr/local/lib/R/include" -DNDEBUG  -I'/__w/gha-build/gha-build/built/Rcpp/include' -I/usr/local/include   -fpic  -g -O2 -fstack-protector-strong -Wformat -Werror=format-security -Wdate-time -D_FORTIFY_SOURCE=2 -g  -c R_exact_test_by_deviance.cpp -o R_exact_test_by_deviance.o
g++ -std=gnu++11 -I"/usr/local/lib/R/include" -DNDEBUG  -I'/__w/gha-build/gha-build/built/Rcpp/include' -I/usr/local/include   -fpic  -g -O2 -fstack-protector-strong -Wformat -Werror=format-security -Wdate-time -D_FORTIFY_SOURCE=2 -g  -c R_fit_levenberg.cpp -o R_fit_levenberg.o
g++ -std=gnu++11 -I"/usr/local/lib/R/include" -DNDEBUG  -I'/__w/gha-build/gha-build/built/Rcpp/include' -I/usr/local/include   -fpic  -g -O2 -fstack-protector-strong -Wformat -Werror=format-security -Wdate-time -D_FORTIFY_SOURCE=2 -g  -c R_fit_one_group.cpp -o R_fit_one_group.o
g++ -std=gnu++11 -I"/usr/local/lib/R/include" -DNDEBUG  -I'/__w/gha-build/gha-build/built/Rcpp/include' -I/usr/local/include   -fpic  -g -O2 -fstack-protector-strong -Wformat -Werror=format-security -Wdate-time -D_FORTIFY_SOURCE=2 -g  -c R_get_one_way_fitted.cpp -o R_get_one_way_fitted.o
g++ -std=gnu++11 -I"/usr/local/lib/R/include" -DNDEBUG  -I'/__w/gha-build/gha-build/built/Rcpp/include' -I/usr/local/include   -fpic  -g -O2 -fstack-protector-strong -Wformat -Werror=format-security -Wdate-time -D_FORTIFY_SOURCE=2 -g  -c R_initialize_levenberg.cpp -o R_initialize_levenberg.o
g++ -std=gnu++11 -I"/usr/local/lib/R/include" -DNDEBUG  -I'/__w/gha-build/gha-build/built/Rcpp/include' -I/usr/local/include   -fpic  -g -O2 -fstack-protector-strong -Wformat -Werror=format-security -Wdate-time -D_FORTIFY_SOURCE=2 -g  -c R_loess_by_col.cpp -o R_loess_by_col.o
g++ -std=gnu++11 -I"/usr/local/lib/R/include" -DNDEBUG  -I'/__w/gha-build/gha-build/built/Rcpp/include' -I/usr/local/include   -fpic  -g -O2 -fstack-protector-strong -Wformat -Werror=format-security -Wdate-time -D_FORTIFY_SOURCE=2 -g  -c R_maximize_interpolant.cpp -o R_maximize_interpolant.o
gcc -I"/usr/local/lib/R/include" -DNDEBUG  -I'/__w/gha-build/gha-build/built/Rcpp/include' -I/usr/local/include   -fpic  -g -O2 -fstack-protector-strong -Wformat -Werror=format-security -Wdate-time -D_FORTIFY_SOURCE=2 -g  -c R_process_hairpin_reads.c -o R_process_hairpin_reads.o
g++ -std=gnu++11 -I"/usr/local/lib/R/include" -DNDEBUG  -I'/__w/gha-build/gha-build/built/Rcpp/include' -I/usr/local/include   -fpic  -g -O2 -fstack-protector-strong -Wformat -Werror=format-security -Wdate-time -D_FORTIFY_SOURCE=2 -g  -c R_simple_good_turing.cpp -o R_simple_good_turing.o
g++ -std=gnu++11 -I"/usr/local/lib/R/include" -DNDEBUG  -I'/__w/gha-build/gha-build/built/Rcpp/include' -I/usr/local/include   -fpic  -g -O2 -fstack-protector-strong -Wformat -Werror=format-security -Wdate-time -D_FORTIFY_SOURCE=2 -g  -c add_prior.cpp -o add_prior.o
g++ -std=gnu++11 -I"/usr/local/lib/R/include" -DNDEBUG  -I'/__w/gha-build/gha-build/built/Rcpp/include' -I/usr/local/include   -fpic  -g -O2 -fstack-protector-strong -Wformat -Werror=format-security -Wdate-time -D_FORTIFY_SOURCE=2 -g  -c adj_coxreid.cpp -o adj_coxreid.o
gcc -I"/usr/local/lib/R/include" -DNDEBUG  -I'/__w/gha-build/gha-build/built/Rcpp/include' -I/usr/local/include   -fpic  -g -O2 -fstack-protector-strong -Wformat -Werror=format-security -Wdate-time -D_FORTIFY_SOURCE=2 -g  -c fmm_spline.c -o fmm_spline.o
g++ -std=gnu++11 -I"/usr/local/lib/R/include" -DNDEBUG  -I'/__w/gha-build/gha-build/built/Rcpp/include' -I/usr/local/include   -fpic  -g -O2 -fstack-protector-strong -Wformat -Werror=format-security -Wdate-time -D_FORTIFY_SOURCE=2 -g  -c glm_levenberg.cpp -o glm_levenberg.o
g++ -std=gnu++11 -I"/usr/local/lib/R/include" -DNDEBUG  -I'/__w/gha-build/gha-build/built/Rcpp/include' -I/usr/local/include   -fpic  -g -O2 -fstack-protector-strong -Wformat -Werror=format-security -Wdate-time -D_FORTIFY_SOURCE=2 -g  -c glm_one_group.cpp -o glm_one_group.o
g++ -std=gnu++11 -I"/usr/local/lib/R/include" -DNDEBUG  -I'/__w/gha-build/gha-build/built/Rcpp/include' -I/usr/local/include   -fpic  -g -O2 -fstack-protector-strong -Wformat -Werror=format-security -Wdate-time -D_FORTIFY_SOURCE=2 -g  -c init.cpp -o init.o
g++ -std=gnu++11 -I"/usr/local/lib/R/include" -DNDEBUG  -I'/__w/gha-build/gha-build/built/Rcpp/include' -I/usr/local/include   -fpic  -g -O2 -fstack-protector-strong -Wformat -Werror=format-security -Wdate-time -D_FORTIFY_SOURCE=2 -g  -c interpolator.cpp -o interpolator.o
g++ -std=gnu++11 -I"/usr/local/lib/R/include" -DNDEBUG  -I'/__w/gha-build/gha-build/built/Rcpp/include' -I/usr/local/include   -fpic  -g -O2 -fstack-protector-strong -Wformat -Werror=format-security -Wdate-time -D_FORTIFY_SOURCE=2 -g  -c nbdev.cpp -o nbdev.o
g++ -std=gnu++11 -I"/usr/local/lib/R/include" -DNDEBUG  -I'/__w/gha-build/gha-build/built/Rcpp/include' -I/usr/local/include   -fpic  -g -O2 -fstack-protector-strong -Wformat -Werror=format-security -Wdate-time -D_FORTIFY_SOURCE=2 -g  -c objects.cpp -o objects.o
g++ -std=gnu++11 -shared -L/usr/local/lib/R/lib -L/usr/local/lib -o edgeR.so R_add_prior_count.o R_ave_log_cpm.o R_calculate_cpm.o R_check_poisson_bound.o R_compute_apl.o R_compute_nbdev.o R_exact_test_by_deviance.o R_fit_levenberg.o R_fit_one_group.o R_get_one_way_fitted.o R_initialize_levenberg.o R_loess_by_col.o R_maximize_interpolant.o R_process_hairpin_reads.o R_simple_good_turing.o add_prior.o adj_coxreid.o fmm_spline.o glm_levenberg.o glm_one_group.o init.o interpolator.o nbdev.o objects.o -llapack -lblas -lgfortran -lm -lquadmath -L/usr/local/lib/R/lib -lR
installing to /__w/gha-build/gha-build/built/00LOCK-edgeR/00new/edgeR/libs
** R
** inst
** byte-compile and prepare package for lazy loading
** help
*** installing help indices
** building package indices
** installing vignettes
** testing if installed package can be loaded from temporary location
** checking absolute paths in shared objects and dynamic libraries
** testing if installed package can be loaded from final location
** testing if installed package keeps a record of temporary installation path
* creating tarball
packaged installation of ‘edgeR’ as ‘edgeR_3.38.4_R_x86_64-pc-linux-gnu.tar.gz’
* DONE (edgeR)
