* installing *source* package ‘epialleleR’ ...
** using staged installation
** libs
g++ -std=gnu++17 -I"/usr/local/lib/R/include" -DNDEBUG -D_FILE_OFFSET_BITS=64 -I'/__w/gha-build/gha-build/built/Rcpp/include' -I'/__w/gha-build/gha-build/built/BH/include' -I'/__w/gha-build/gha-build/built/Rhtslib/include' -I'/__w/gha-build/gha-build/built/zlibbioc/include' -I/usr/local/include   -fpic  -g -O2 -fstack-protector-strong -Wformat -Werror=format-security -Wdate-time -D_FORTIFY_SOURCE=2 -g  -c RcppExports.cpp -o RcppExports.o
g++ -std=gnu++17 -I"/usr/local/lib/R/include" -DNDEBUG -D_FILE_OFFSET_BITS=64 -I'/__w/gha-build/gha-build/built/Rcpp/include' -I'/__w/gha-build/gha-build/built/BH/include' -I'/__w/gha-build/gha-build/built/Rhtslib/include' -I'/__w/gha-build/gha-build/built/zlibbioc/include' -I/usr/local/include   -fpic  -g -O2 -fstack-protector-strong -Wformat -Werror=format-security -Wdate-time -D_FORTIFY_SOURCE=2 -g  -c rcpp_cx_report.cpp -o rcpp_cx_report.o
g++ -std=gnu++17 -I"/usr/local/lib/R/include" -DNDEBUG -D_FILE_OFFSET_BITS=64 -I'/__w/gha-build/gha-build/built/Rcpp/include' -I'/__w/gha-build/gha-build/built/BH/include' -I'/__w/gha-build/gha-build/built/Rhtslib/include' -I'/__w/gha-build/gha-build/built/zlibbioc/include' -I/usr/local/include   -fpic  -g -O2 -fstack-protector-strong -Wformat -Werror=format-security -Wdate-time -D_FORTIFY_SOURCE=2 -g  -c rcpp_extract_patterns.cpp -o rcpp_extract_patterns.o
g++ -std=gnu++17 -I"/usr/local/lib/R/include" -DNDEBUG -D_FILE_OFFSET_BITS=64 -I'/__w/gha-build/gha-build/built/Rcpp/include' -I'/__w/gha-build/gha-build/built/BH/include' -I'/__w/gha-build/gha-build/built/Rhtslib/include' -I'/__w/gha-build/gha-build/built/zlibbioc/include' -I/usr/local/include   -fpic  -g -O2 -fstack-protector-strong -Wformat -Werror=format-security -Wdate-time -D_FORTIFY_SOURCE=2 -g  -c rcpp_fep.cpp -o rcpp_fep.o
g++ -std=gnu++17 -I"/usr/local/lib/R/include" -DNDEBUG -D_FILE_OFFSET_BITS=64 -I'/__w/gha-build/gha-build/built/Rcpp/include' -I'/__w/gha-build/gha-build/built/BH/include' -I'/__w/gha-build/gha-build/built/Rhtslib/include' -I'/__w/gha-build/gha-build/built/zlibbioc/include' -I/usr/local/include   -fpic  -g -O2 -fstack-protector-strong -Wformat -Werror=format-security -Wdate-time -D_FORTIFY_SOURCE=2 -g  -c rcpp_get_base_freqs.cpp -o rcpp_get_base_freqs.o
g++ -std=gnu++17 -I"/usr/local/lib/R/include" -DNDEBUG -D_FILE_OFFSET_BITS=64 -I'/__w/gha-build/gha-build/built/Rcpp/include' -I'/__w/gha-build/gha-build/built/BH/include' -I'/__w/gha-build/gha-build/built/Rhtslib/include' -I'/__w/gha-build/gha-build/built/zlibbioc/include' -I/usr/local/include   -fpic  -g -O2 -fstack-protector-strong -Wformat -Werror=format-security -Wdate-time -D_FORTIFY_SOURCE=2 -g  -c rcpp_get_xm_beta.cpp -o rcpp_get_xm_beta.o
g++ -std=gnu++17 -I"/usr/local/lib/R/include" -DNDEBUG -D_FILE_OFFSET_BITS=64 -I'/__w/gha-build/gha-build/built/Rcpp/include' -I'/__w/gha-build/gha-build/built/BH/include' -I'/__w/gha-build/gha-build/built/Rhtslib/include' -I'/__w/gha-build/gha-build/built/zlibbioc/include' -I/usr/local/include   -fpic  -g -O2 -fstack-protector-strong -Wformat -Werror=format-security -Wdate-time -D_FORTIFY_SOURCE=2 -g  -c rcpp_match_target.cpp -o rcpp_match_target.o
g++ -std=gnu++17 -I"/usr/local/lib/R/include" -DNDEBUG -D_FILE_OFFSET_BITS=64 -I'/__w/gha-build/gha-build/built/Rcpp/include' -I'/__w/gha-build/gha-build/built/BH/include' -I'/__w/gha-build/gha-build/built/Rhtslib/include' -I'/__w/gha-build/gha-build/built/zlibbioc/include' -I/usr/local/include   -fpic  -g -O2 -fstack-protector-strong -Wformat -Werror=format-security -Wdate-time -D_FORTIFY_SOURCE=2 -g  -c rcpp_read_bam.cpp -o rcpp_read_bam.o
g++ -std=gnu++17 -I"/usr/local/lib/R/include" -DNDEBUG -D_FILE_OFFSET_BITS=64 -I'/__w/gha-build/gha-build/built/Rcpp/include' -I'/__w/gha-build/gha-build/built/BH/include' -I'/__w/gha-build/gha-build/built/Rhtslib/include' -I'/__w/gha-build/gha-build/built/zlibbioc/include' -I/usr/local/include   -fpic  -g -O2 -fstack-protector-strong -Wformat -Werror=format-security -Wdate-time -D_FORTIFY_SOURCE=2 -g  -c rcpp_threshold_reads.cpp -o rcpp_threshold_reads.o
g++ -std=gnu++17 -shared -L/usr/local/lib/R/lib -L/usr/local/lib -o epialleleR.so RcppExports.o rcpp_cx_report.o rcpp_extract_patterns.o rcpp_fep.o rcpp_get_base_freqs.o rcpp_get_xm_beta.o rcpp_match_target.o rcpp_read_bam.o rcpp_threshold_reads.o /__w/gha-build/gha-build/built/Rhtslib/usrlib/libhts.a -lcurl -L/usr/local/lib/R/lib -lR
installing to /__w/gha-build/gha-build/built/00LOCK-epialleleR/00new/epialleleR/libs
** R
** inst
** byte-compile and prepare package for lazy loading
** help
*** installing help indices
** building package indices
** installing vignettes
** testing if installed package can be loaded from temporary location
** checking absolute paths in shared objects and dynamic libraries
** testing if installed package can be loaded from final location
** testing if installed package keeps a record of temporary installation path
* creating tarball
packaged installation of ‘epialleleR’ as ‘epialleleR_1.4.0_R_x86_64-pc-linux-gnu.tar.gz’
* DONE (epialleleR)
