* installing *source* package ‘epivizrChart’ ...
** using staged installation
** R
** data
*** moving datasets to lazyload DB
** inst
** byte-compile and prepare package for lazy loading
Warning: replacing previous import 'GenomicFeatures::proteinToGenome' by 'ensembldb::proteinToGenome' when loading 'epivizrData'
** help
*** installing help indices
** building package indices
** installing vignettes
** testing if installed package can be loaded from temporary location
Warning: replacing previous import 'GenomicFeatures::proteinToGenome' by 'ensembldb::proteinToGenome' when loading 'epivizrData'
** testing if installed package can be loaded from final location
Warning: replacing previous import 'GenomicFeatures::proteinToGenome' by 'ensembldb::proteinToGenome' when loading 'epivizrData'
** testing if installed package keeps a record of temporary installation path
* creating tarball
packaged installation of ‘epivizrChart’ as ‘epivizrChart_1.18.0_R_x86_64-pc-linux-gnu.tar.gz’
* DONE (epivizrChart)
