* installing *source* package ‘GeneGeneInteR’ ...
** using staged installation
** libs
g++ -std=gnu++14 -I"/usr/local/lib/R/include" -DNDEBUG   -I/usr/local/include   -fpic  -g -O2 -fstack-protector-strong -Wformat -Werror=format-security -Wdate-time -D_FORTIFY_SOURCE=2 -g  -c chclust.cpp -o chclust.o
g++ -std=gnu++14 -shared -L/usr/local/lib/R/lib -L/usr/local/lib -o GeneGeneInteR.so chclust.o -L/usr/local/lib/R/lib -lR
installing to /__w/gha-build/gha-build/built/00LOCK-GeneGeneInteR/00new/GeneGeneInteR/libs
** R
** data
*** moving datasets to lazyload DB
** inst
** byte-compile and prepare package for lazy loading
** help
*** installing help indices
** building package indices
** installing vignettes
** testing if installed package can be loaded from temporary location
** checking absolute paths in shared objects and dynamic libraries
** testing if installed package can be loaded from final location
** testing if installed package keeps a record of temporary installation path
* creating tarball
packaged installation of ‘GeneGeneInteR’ as ‘GeneGeneInteR_1.22.0_R_x86_64-pc-linux-gnu.tar.gz’
* DONE (GeneGeneInteR)
