* installing *source* package ‘ggbio’ ...
** using staged installation
** R
** inst
** byte-compile and prepare package for lazy loading
Creating a new generic function for 'rescale' in package 'ggbio'
Creating a new generic function for 'xlim' in package 'ggbio'
Creating a new generic function for 'geom_rect' in package 'ggbio'
Creating a new generic function for 'geom_segment' in package 'ggbio'
Creating a new generic function for 'geom_bar' in package 'ggbio'
Creating a new generic function for 'stat_identity' in package 'ggbio'
Creating a new generic function for 'stat_bin' in package 'ggbio'
** help
*** installing help indices
** building package indices
** installing vignettes
** testing if installed package can be loaded from temporary location
** testing if installed package can be loaded from final location
** testing if installed package keeps a record of temporary installation path
* creating tarball
packaged installation of ‘ggbio’ as ‘ggbio_1.44.1_R_x86_64-pc-linux-gnu.tar.gz’
* DONE (ggbio)
