* installing *source* package ‘mgsa’ ...
** using staged installation
configure: creating ./config.status
config.status: creating src/Makevars
** libs
gcc -I"/usr/local/lib/R/include" -DNDEBUG   -I/usr/local/include  -I. -fopenmp -fpic  -g -O2 -fstack-protector-strong -Wformat -Werror=format-security -Wdate-time -D_FORTIFY_SOURCE=2 -g  -c mgsa-core.c -o mgsa-core.o
gcc -I"/usr/local/lib/R/include" -DNDEBUG   -I/usr/local/include  -I. -fopenmp -fpic  -g -O2 -fstack-protector-strong -Wformat -Werror=format-security -Wdate-time -D_FORTIFY_SOURCE=2 -g  -c mgsa.c -o mgsa.o
gcc -I"/usr/local/lib/R/include" -DNDEBUG   -I/usr/local/include  -I. -fopenmp -fpic  -g -O2 -fstack-protector-strong -Wformat -Werror=format-security -Wdate-time -D_FORTIFY_SOURCE=2 -g  -c mt.c -o mt.o
gcc -shared -L/usr/local/lib/R/lib -L/usr/local/lib -o mgsa.so mgsa-core.o mgsa.o mt.o -fopenmp -L/usr/local/lib/R/lib -lR
installing to /__w/gha-build/gha-build/built/00LOCK-mgsa/00new/mgsa/libs
** R
** data
** inst
** byte-compile and prepare package for lazy loading
** help
*** installing help indices
** building package indices
** installing vignettes
** testing if installed package can be loaded from temporary location
** checking absolute paths in shared objects and dynamic libraries
** testing if installed package can be loaded from final location
** testing if installed package keeps a record of temporary installation path
* creating tarball
packaged installation of ‘mgsa’ as ‘mgsa_1.44.0_R_x86_64-pc-linux-gnu.tar.gz’
* DONE (mgsa)
