* installing *source* package ‘minet’ ...
** using staged installation
** libs
g++ -std=gnu++14 -I"/usr/local/lib/R/include" -DNDEBUG   -I/usr/local/include   -fpic  -g -O2 -fstack-protector-strong -Wformat -Werror=format-security -Wdate-time -D_FORTIFY_SOURCE=2 -g  -c aracne.cpp -o aracne.o
g++ -std=gnu++14 -I"/usr/local/lib/R/include" -DNDEBUG   -I/usr/local/include   -fpic  -g -O2 -fstack-protector-strong -Wformat -Werror=format-security -Wdate-time -D_FORTIFY_SOURCE=2 -g  -c clr.cpp -o clr.o
g++ -std=gnu++14 -I"/usr/local/lib/R/include" -DNDEBUG   -I/usr/local/include   -fpic  -g -O2 -fstack-protector-strong -Wformat -Werror=format-security -Wdate-time -D_FORTIFY_SOURCE=2 -g  -c minet.cpp -o minet.o
g++ -std=gnu++14 -I"/usr/local/lib/R/include" -DNDEBUG   -I/usr/local/include   -fpic  -g -O2 -fstack-protector-strong -Wformat -Werror=format-security -Wdate-time -D_FORTIFY_SOURCE=2 -g  -c mrnet.cpp -o mrnet.o
g++ -std=gnu++14 -I"/usr/local/lib/R/include" -DNDEBUG   -I/usr/local/include   -fpic  -g -O2 -fstack-protector-strong -Wformat -Werror=format-security -Wdate-time -D_FORTIFY_SOURCE=2 -g  -c validate.cpp -o validate.o
g++ -std=gnu++14 -shared -L/usr/local/lib/R/lib -L/usr/local/lib -o minet.so aracne.o clr.o minet.o mrnet.o validate.o -L/usr/local/lib/R/lib -lR
installing to /__w/gha-build/gha-build/built/00LOCK-minet/00new/minet/libs
** R
** data
** inst
** byte-compile and prepare package for lazy loading
** help
*** installing help indices
** building package indices
** testing if installed package can be loaded from temporary location
** checking absolute paths in shared objects and dynamic libraries
** testing if installed package can be loaded from final location
** testing if installed package keeps a record of temporary installation path
* creating tarball
packaged installation of ‘minet’ as ‘minet_3.54.0_R_x86_64-pc-linux-gnu.tar.gz’
* DONE (minet)
