* installing *source* package ‘mitoClone2’ ...
** using staged installation
** libs
g++ -std=gnu++14 -D_FILE_OFFSET_BITS=64 ../inst/SCITEpkg/*.cpp -o scite
../inst/SCITEpkg/findBestTrees.cpp:56:8: warning: built-in function ‘gamma’ declared as non-function [-Wbuiltin-declaration-mismatch]
   56 | double gamma = 1;
      |        ^~~~~
../inst/SCITEpkg/mcmcBinTreeMove.cpp: In function ‘int pickNodeToMove(int*, int)’:
../inst/SCITEpkg/mcmcBinTreeMove.cpp:75:1: warning: control reaches end of non-void function [-Wreturn-type]
   75 | }
      | ^
mkdir -p "/__w/gha-build/gha-build/built/00LOCK-mitoClone2/00new/mitoClone2/SCITE/"
cp scite "/__w/gha-build/gha-build/built/00LOCK-mitoClone2/00new/mitoClone2/SCITE/"
rm scite
g++ -std=gnu++14 -I"/usr/local/lib/R/include" -DNDEBUG -D_FILE_OFFSET_BITS=64 -I'/__w/gha-build/gha-build/built/Rhtslib/include' -I/usr/local/include   -fpic  -g -O2 -fstack-protector-strong -Wformat -Werror=format-security -Wdate-time -D_FORTIFY_SOURCE=2 -g  -c bam2R_10x.cpp -o bam2R_10x.o
g++ -std=gnu++14 -shared -L/usr/local/lib/R/lib -L/usr/local/lib -o mitoClone2.so bam2R_10x.o /__w/gha-build/gha-build/built/Rhtslib/usrlib/libhts.a -lcurl -L/usr/local/lib/R/lib -lR
installing to /__w/gha-build/gha-build/built/00LOCK-mitoClone2/00new/mitoClone2/libs
** R
** data
** inst
** byte-compile and prepare package for lazy loading
** help
*** installing help indices
*** copying figures
** building package indices
** installing vignettes
** testing if installed package can be loaded from temporary location
** checking absolute paths in shared objects and dynamic libraries
** testing if installed package can be loaded from final location
** testing if installed package keeps a record of temporary installation path
* creating tarball
packaged installation of ‘mitoClone2’ as ‘mitoClone2_1.2.0_R_x86_64-pc-linux-gnu.tar.gz’
* DONE (mitoClone2)
