* installing *source* package ‘OVESEG’ ...
** using staged installation
** libs
g++ -std=gnu++11 -I"/usr/local/lib/R/include" -DNDEBUG  -I'/__w/gha-build/gha-build/built/Rcpp/include' -I/usr/local/include   -fpic  -g -O2 -fstack-protector-strong -Wformat -Werror=format-security -Wdate-time -D_FORTIFY_SOURCE=2 -g  -c RcppExports.cpp -o RcppExports.o
g++ -std=gnu++11 -I"/usr/local/lib/R/include" -DNDEBUG  -I'/__w/gha-build/gha-build/built/Rcpp/include' -I/usr/local/include   -fpic  -g -O2 -fstack-protector-strong -Wformat -Werror=format-security -Wdate-time -D_FORTIFY_SOURCE=2 -g  -c pairwise_tstat_unscaled.cpp -o pairwise_tstat_unscaled.o
g++ -std=gnu++11 -I"/usr/local/lib/R/include" -DNDEBUG  -I'/__w/gha-build/gha-build/built/Rcpp/include' -I/usr/local/include   -fpic  -g -O2 -fstack-protector-strong -Wformat -Werror=format-security -Wdate-time -D_FORTIFY_SOURCE=2 -g  -c row_min.cpp -o row_min.o
g++ -std=gnu++11 -I"/usr/local/lib/R/include" -DNDEBUG  -I'/__w/gha-build/gha-build/built/Rcpp/include' -I/usr/local/include   -fpic  -g -O2 -fstack-protector-strong -Wformat -Werror=format-security -Wdate-time -D_FORTIFY_SOURCE=2 -g  -c row_which_max.cpp -o row_which_max.o
g++ -std=gnu++11 -I"/usr/local/lib/R/include" -DNDEBUG  -I'/__w/gha-build/gha-build/built/Rcpp/include' -I/usr/local/include   -fpic  -g -O2 -fstack-protector-strong -Wformat -Werror=format-security -Wdate-time -D_FORTIFY_SOURCE=2 -g  -c shuffle_topm.cpp -o shuffle_topm.o
g++ -std=gnu++11 -shared -L/usr/local/lib/R/lib -L/usr/local/lib -o OVESEG.so RcppExports.o pairwise_tstat_unscaled.o row_min.o row_which_max.o shuffle_topm.o -L/usr/local/lib/R/lib -lR
installing to /__w/gha-build/gha-build/built/00LOCK-OVESEG/00new/OVESEG/libs
** R
** data
** inst
** byte-compile and prepare package for lazy loading
** help
*** installing help indices
** building package indices
** installing vignettes
** testing if installed package can be loaded from temporary location
** checking absolute paths in shared objects and dynamic libraries
** testing if installed package can be loaded from final location
** testing if installed package keeps a record of temporary installation path
* creating tarball
packaged installation of ‘OVESEG’ as ‘OVESEG_1.12.0_R_x86_64-pc-linux-gnu.tar.gz’
* DONE (OVESEG)
