* installing *source* package ‘ReactomeGSA’ ...
** using staged installation
** R
** inst
** byte-compile and prepare package for lazy loading
in method for ‘analyse_sc_clusters’ with signature ‘object="Seurat"’: no definition for class “Seurat”
in method for ‘analyse_sc_clusters’ with signature ‘object="SingleCellExperiment"’: no definition for class “SingleCellExperiment”
in method for ‘add_dataset’ with signature ‘request="ReactomeAnalysisRequest",expression_values="EList"’: no definition for class “EList”
in method for ‘add_dataset’ with signature ‘request="ReactomeAnalysisRequest",expression_values="DGEList"’: no definition for class “DGEList”
in method for ‘add_dataset’ with signature ‘request="ReactomeAnalysisRequest",expression_values="ExpressionSet"’: no definition for class “ExpressionSet”
** help
*** installing help indices
** building package indices
** installing vignettes
** testing if installed package can be loaded from temporary location
** testing if installed package can be loaded from final location
** testing if installed package keeps a record of temporary installation path
* creating tarball
packaged installation of ‘ReactomeGSA’ as ‘ReactomeGSA_1.10.0_R_x86_64-pc-linux-gnu.tar.gz’
* DONE (ReactomeGSA)
