* installing *source* package ‘rgsepd’ ...
** using staged installation
** R
** data
** inst
** byte-compile and prepare package for lazy loading
** help
*** installing help indices
** building package indices
** installing vignettes
** testing if installed package can be loaded from temporary location
'select()' returned 1:1 mapping between keys and columns
'select()' returned 1:1 mapping between keys and columns
** testing if installed package can be loaded from final location
'select()' returned 1:1 mapping between keys and columns
'select()' returned 1:1 mapping between keys and columns
** testing if installed package keeps a record of temporary installation path
* creating tarball
packaged installation of ‘rgsepd’ as ‘rgsepd_1.28.0_R_x86_64-pc-linux-gnu.tar.gz’
* DONE (rgsepd)
