* installing *source* package ‘RNAdecay’ ...
** using staged installation
** libs
** arch - 
/usr/local/lib/R/bin/Rscript --vanilla -e "TMB::compile('general_dExp_1sse.cpp',safebounds=FALSE,safeunload=FALSE)"
make[1]: Entering directory '/tmp/RtmpWXzPNv/R.INSTALL28c26fa6495/RNAdecay/src'
g++ -std=gnu++14 -I"/usr/local/lib/R/include" -DNDEBUG -I"/__w/gha-build/gha-build/built/TMB/include" -I"/__w/gha-build/gha-build/built/RcppEigen/include"   -DTMB_EIGEN_DISABLE_WARNINGS   -DTMB_LIB_INIT=R_init_general_dExp_1sse  -DCPPAD_FRAMEWORK  -I/usr/local/include   -fpic  -g -O2 -fstack-protector-strong -Wformat -Werror=format-security -Wdate-time -D_FORTIFY_SOURCE=2 -g  -c general_dExp_1sse.cpp -o general_dExp_1sse.o
g++ -std=gnu++14 -shared -L/usr/local/lib/R/lib -L/usr/local/lib -o general_dExp_1sse.so general_dExp_1sse.o -L/usr/local/lib/R/lib -lR
make[1]: Leaving directory '/tmp/RtmpWXzPNv/R.INSTALL28c26fa6495/RNAdecay/src'
[1] 0
/usr/local/lib/R/bin/Rscript --vanilla -e "TMB::compile('general_Exp_1sse.cpp',safebounds=FALSE,safeunload=FALSE)"
make[1]: Entering directory '/tmp/RtmpWXzPNv/R.INSTALL28c26fa6495/RNAdecay/src'
g++ -std=gnu++14 -I"/usr/local/lib/R/include" -DNDEBUG -I"/__w/gha-build/gha-build/built/TMB/include" -I"/__w/gha-build/gha-build/built/RcppEigen/include"   -DTMB_EIGEN_DISABLE_WARNINGS   -DTMB_LIB_INIT=R_init_general_Exp_1sse  -DCPPAD_FRAMEWORK  -I/usr/local/include   -fpic  -g -O2 -fstack-protector-strong -Wformat -Werror=format-security -Wdate-time -D_FORTIFY_SOURCE=2 -g  -c general_Exp_1sse.cpp -o general_Exp_1sse.o
g++ -std=gnu++14 -shared -L/usr/local/lib/R/lib -L/usr/local/lib -o general_Exp_1sse.so general_Exp_1sse.o -L/usr/local/lib/R/lib -lR
make[1]: Leaving directory '/tmp/RtmpWXzPNv/R.INSTALL28c26fa6495/RNAdecay/src'
[1] 0
/usr/local/lib/R/bin/Rscript --vanilla -e "TMB::compile('general_dExp_2sse.cpp',safebounds=FALSE,safeunload=FALSE)"
make[1]: Entering directory '/tmp/RtmpWXzPNv/R.INSTALL28c26fa6495/RNAdecay/src'
g++ -std=gnu++14 -I"/usr/local/lib/R/include" -DNDEBUG -I"/__w/gha-build/gha-build/built/TMB/include" -I"/__w/gha-build/gha-build/built/RcppEigen/include"   -DTMB_EIGEN_DISABLE_WARNINGS   -DTMB_LIB_INIT=R_init_general_dExp_2sse  -DCPPAD_FRAMEWORK  -I/usr/local/include   -fpic  -g -O2 -fstack-protector-strong -Wformat -Werror=format-security -Wdate-time -D_FORTIFY_SOURCE=2 -g  -c general_dExp_2sse.cpp -o general_dExp_2sse.o
g++ -std=gnu++14 -shared -L/usr/local/lib/R/lib -L/usr/local/lib -o general_dExp_2sse.so general_dExp_2sse.o -L/usr/local/lib/R/lib -lR
make[1]: Leaving directory '/tmp/RtmpWXzPNv/R.INSTALL28c26fa6495/RNAdecay/src'
[1] 0
/usr/local/lib/R/bin/Rscript --vanilla -e "TMB::compile('general_Exp_2sse.cpp',safebounds=FALSE,safeunload=FALSE)"
make[1]: Entering directory '/tmp/RtmpWXzPNv/R.INSTALL28c26fa6495/RNAdecay/src'
g++ -std=gnu++14 -I"/usr/local/lib/R/include" -DNDEBUG -I"/__w/gha-build/gha-build/built/TMB/include" -I"/__w/gha-build/gha-build/built/RcppEigen/include"   -DTMB_EIGEN_DISABLE_WARNINGS   -DTMB_LIB_INIT=R_init_general_Exp_2sse  -DCPPAD_FRAMEWORK  -I/usr/local/include   -fpic  -g -O2 -fstack-protector-strong -Wformat -Werror=format-security -Wdate-time -D_FORTIFY_SOURCE=2 -g  -c general_Exp_2sse.cpp -o general_Exp_2sse.o
g++ -std=gnu++14 -shared -L/usr/local/lib/R/lib -L/usr/local/lib -o general_Exp_2sse.so general_Exp_2sse.o -L/usr/local/lib/R/lib -lR
make[1]: Leaving directory '/tmp/RtmpWXzPNv/R.INSTALL28c26fa6495/RNAdecay/src'
[1] 0
/usr/local/lib/R/bin/Rscript --vanilla -e "TMB::compile('general_dExp_3sse.cpp',safebounds=FALSE,safeunload=FALSE)"
make[1]: Entering directory '/tmp/RtmpWXzPNv/R.INSTALL28c26fa6495/RNAdecay/src'
g++ -std=gnu++14 -I"/usr/local/lib/R/include" -DNDEBUG -I"/__w/gha-build/gha-build/built/TMB/include" -I"/__w/gha-build/gha-build/built/RcppEigen/include"   -DTMB_EIGEN_DISABLE_WARNINGS   -DTMB_LIB_INIT=R_init_general_dExp_3sse  -DCPPAD_FRAMEWORK  -I/usr/local/include   -fpic  -g -O2 -fstack-protector-strong -Wformat -Werror=format-security -Wdate-time -D_FORTIFY_SOURCE=2 -g  -c general_dExp_3sse.cpp -o general_dExp_3sse.o
g++ -std=gnu++14 -shared -L/usr/local/lib/R/lib -L/usr/local/lib -o general_dExp_3sse.so general_dExp_3sse.o -L/usr/local/lib/R/lib -lR
make[1]: Leaving directory '/tmp/RtmpWXzPNv/R.INSTALL28c26fa6495/RNAdecay/src'
[1] 0
/usr/local/lib/R/bin/Rscript --vanilla -e "TMB::compile('general_Exp_3sse.cpp',safebounds=FALSE,safeunload=FALSE)"
make[1]: Entering directory '/tmp/RtmpWXzPNv/R.INSTALL28c26fa6495/RNAdecay/src'
g++ -std=gnu++14 -I"/usr/local/lib/R/include" -DNDEBUG -I"/__w/gha-build/gha-build/built/TMB/include" -I"/__w/gha-build/gha-build/built/RcppEigen/include"   -DTMB_EIGEN_DISABLE_WARNINGS   -DTMB_LIB_INIT=R_init_general_Exp_3sse  -DCPPAD_FRAMEWORK  -I/usr/local/include   -fpic  -g -O2 -fstack-protector-strong -Wformat -Werror=format-security -Wdate-time -D_FORTIFY_SOURCE=2 -g  -c general_Exp_3sse.cpp -o general_Exp_3sse.o
g++ -std=gnu++14 -shared -L/usr/local/lib/R/lib -L/usr/local/lib -o general_Exp_3sse.so general_Exp_3sse.o -L/usr/local/lib/R/lib -lR
make[1]: Leaving directory '/tmp/RtmpWXzPNv/R.INSTALL28c26fa6495/RNAdecay/src'
[1] 0
/usr/local/lib/R/bin/Rscript --vanilla -e "TMB::compile('general_dExp_4sse.cpp',safebounds=FALSE,safeunload=FALSE)"
make[1]: Entering directory '/tmp/RtmpWXzPNv/R.INSTALL28c26fa6495/RNAdecay/src'
g++ -std=gnu++14 -I"/usr/local/lib/R/include" -DNDEBUG -I"/__w/gha-build/gha-build/built/TMB/include" -I"/__w/gha-build/gha-build/built/RcppEigen/include"   -DTMB_EIGEN_DISABLE_WARNINGS   -DTMB_LIB_INIT=R_init_general_dExp_4sse  -DCPPAD_FRAMEWORK  -I/usr/local/include   -fpic  -g -O2 -fstack-protector-strong -Wformat -Werror=format-security -Wdate-time -D_FORTIFY_SOURCE=2 -g  -c general_dExp_4sse.cpp -o general_dExp_4sse.o
g++ -std=gnu++14 -shared -L/usr/local/lib/R/lib -L/usr/local/lib -o general_dExp_4sse.so general_dExp_4sse.o -L/usr/local/lib/R/lib -lR
make[1]: Leaving directory '/tmp/RtmpWXzPNv/R.INSTALL28c26fa6495/RNAdecay/src'
[1] 0
/usr/local/lib/R/bin/Rscript --vanilla -e "TMB::compile('general_Exp_4sse.cpp',safebounds=FALSE,safeunload=FALSE)"
make[1]: Entering directory '/tmp/RtmpWXzPNv/R.INSTALL28c26fa6495/RNAdecay/src'
g++ -std=gnu++14 -I"/usr/local/lib/R/include" -DNDEBUG -I"/__w/gha-build/gha-build/built/TMB/include" -I"/__w/gha-build/gha-build/built/RcppEigen/include"   -DTMB_EIGEN_DISABLE_WARNINGS   -DTMB_LIB_INIT=R_init_general_Exp_4sse  -DCPPAD_FRAMEWORK  -I/usr/local/include   -fpic  -g -O2 -fstack-protector-strong -Wformat -Werror=format-security -Wdate-time -D_FORTIFY_SOURCE=2 -g  -c general_Exp_4sse.cpp -o general_Exp_4sse.o
g++ -std=gnu++14 -shared -L/usr/local/lib/R/lib -L/usr/local/lib -o general_Exp_4sse.so general_Exp_4sse.o -L/usr/local/lib/R/lib -lR
make[1]: Leaving directory '/tmp/RtmpWXzPNv/R.INSTALL28c26fa6495/RNAdecay/src'
[1] 0
installing to /__w/gha-build/gha-build/built/00LOCK-RNAdecay/00new/RNAdecay/libs
** R
** data
*** moving datasets to lazyload DB
** inst
** byte-compile and prepare package for lazy loading
** help
*** installing help indices
** building package indices
** installing vignettes
** testing if installed package can be loaded from temporary location
** checking absolute paths in shared objects and dynamic libraries
** testing if installed package can be loaded from final location
** testing if installed package keeps a record of temporary installation path
* creating tarball
packaged installation of ‘RNAdecay’ as ‘RNAdecay_1.16.0_R_x86_64-pc-linux-gnu.tar.gz’
* DONE (RNAdecay)
