* installing *source* package ‘RPostgreSQL’ ...
** package ‘RPostgreSQL’ successfully unpacked and MD5 sums checked
** using staged installation
checking for gcc... gcc
checking whether the C compiler works... yes
checking for C compiler default output file name... a.out
checking for suffix of executables... 
checking whether we are cross compiling... no
checking for suffix of object files... o
checking whether we are using the GNU C compiler... yes
checking whether gcc accepts -g... yes
checking for gcc option to accept ISO C89... none needed
checking build system type... x86_64-pc-linux-gnu
checking host system type... x86_64-pc-linux-gnu
checking target system type... x86_64-pc-linux-gnu
checking for pg_config... /usr/bin/pg_config
PG_CONFIG_BINDIR = /usr/lib/postgresql/12/bin
PG_CONFIG_DOCDIR = /usr/share/doc/postgresql-doc-12
PG_CONFIG_HTMLDIR = /usr/share/doc/postgresql-doc-12
PG_CONFIG_INCLUDEDIR = /usr/include/postgresql
PG_CONFIG_PKGINCLUDEDIR = /usr/include/postgresql
PG_CONFIG_INCLUDEDIR-SERVER = /usr/include/postgresql/12/server
PG_CONFIG_LIBDIR = /usr/lib/x86_64-linux-gnu
PG_CONFIG_PKGLIBDIR = /usr/lib/postgresql/12/lib
PG_CONFIG_LOCALEDIR = /usr/share/locale
PG_CONFIG_MANDIR = /usr/share/postgresql/12/man
PG_CONFIG_SHAREDIR = /usr/share/postgresql/12
PG_CONFIG_SYSCONFDIR = /etc/postgresql-common
PG_CONFIG_PGXS = /usr/lib/postgresql/12/lib/pgxs/src/makefiles/pgxs.mk
PG_CONFIG_CONFIGURE = '--build=x86_64-linux-gnu' '--prefix=/usr' '--includedir=/usr/include' '--mandir=/usr/share/man' '--infodir=/usr/share/info' '--sysconfdir=/etc' '--localstatedir=/var' '--disable-silent-rules' '--libdir=/usr/lib/x86_64-linux-gnu' '--libexecdir=/usr/lib/x86_64-linux-gnu' '--disable-maintainer-mode' '--disable-dependency-tracking' '--with-icu' '--with-tcl' '--with-perl' '--with-python' '--with-pam' '--with-openssl' '--with-libxml' '--with-libxslt' 'PYTHON=/usr/bin/python3' '--mandir=/usr/share/postgresql/12/man' '--docdir=/usr/share/doc/postgresql-doc-12' '--sysconfdir=/etc/postgresql-common' '--datarootdir=/usr/share/' '--datadir=/usr/share/postgresql/12' '--bindir=/usr/lib/postgresql/12/bin' '--libdir=/usr/lib/x86_64-linux-gnu/' '--libexecdir=/usr/lib/postgresql/' '--includedir=/usr/include/postgresql/' '--with-extra-version= (Ubuntu 12.11-0ubuntu0.20.04.1)' '--enable-nls' '--enable-integer-datetimes' '--enable-thread-safety' '--enable-tap-tests' '--enable-debug' '--enable-dtrace' '--disable-rpath' '--with-uuid=e2fs' '--with-gnu-ld' '--with-pgport=5432' '--with-system-tzdata=/usr/share/zoneinfo' '--with-llvm' 'LLVM_CONFIG=/usr/bin/llvm-config-10' 'CLANG=/usr/bin/clang-10' '--with-systemd' '--with-selinux' 'MKDIR_P=/bin/mkdir -p' 'TAR=/bin/tar' 'CFLAGS=-g -O2 -fstack-protector-strong cflwarnformat cflwarnerror=format-security -fno-omit-frame-pointer' 'LDFLAGS=cflwarnl,-Bsymbolic-functions cflwarnl,-z,relro cflwarnl,-z,now' '--with-gssapi' '--with-ldap' '--with-includes=/usr/include/mit-krb5' '--with-libs=/usr/lib/mit-krb5' '--with-libs=/usr/lib/x86_64-linux-gnu/mit-krb5' 'build_alias=x86_64-linux-gnu' 'CPPFLAGS=cflwarndate-time -D_FORTIFY_SOURCE=2' 'CXXFLAGS=-g -O2 -fstack-protector-strong cflwarnformat cflwarnerror=format-security'
PG_CONFIG_CC = gcc
PG_CONFIG_CPPFLAGS = cflwarndate-time -D_FORTIFY_SOURCE=2 -D_GNU_SOURCE -I/usr/include/libxml2 -I/usr/include/mit-krb5
PG_CONFIG_CFLAGS = cflwarnall cflwarnmissing-prototypes cflwarnpointer-arith cflwarndeclaration-after-statement cflwarnerror=vla cflwarnendif-labels cflwarnmissing-format-attribute cflwarnformat-security -fno-strict-aliasing -fwrapv -fexcess-precision=standard cflwarnno-format-truncation cflwarnno-stringop-truncation -g -g -O2 -fstack-protector-strong cflwarnformat cflwarnerror=format-security -fno-omit-frame-pointer
PG_CONFIG_CFLAGS_SL = -fPIC
PG_CONFIG_LDFLAGS = cflwarnl,-Bsymbolic-functions cflwarnl,-z,relro cflwarnl,-z,now -L/usr/lib/llvm-10/lib -L/usr/lib/x86_64-linux-gnu/mit-krb5 cflwarnl,--as-needed
PG_CONFIG_LDFLAGS_EX = 
PG_CONFIG_LDFLAGS_SL = 
PG_CONFIG_LIBS = -lpgcommon -lpgport -lpthread -lselinux -lxslt -lxml2 -lpam -lssl -lcrypto -lgssapi_krb5 -lz -ledit -lrt -lcrypt -ldl -lm 
PG_CONFIG_VERSION = PostgreSQL 12.11 (Ubuntu 12.11-0ubuntu0.20.04.1)
configure: checking for PostgreSQL header files
/usr/lib/x86_64-linux-gnu
/usr/include/postgresql
gcc -g -O2 -I/usr/include/postgresql -L/usr/lib/x86_64-linux-gnu conftest.c -lpq -o pqconftest
./pqconftest
120011...runs fine
checking for "/usr/include/postgresql/libpq-fe.h"... yes
configure: creating ./config.status
config.status: creating src/Makevars
** libs
gcc -I"/usr/local/lib/R/include" -DNDEBUG -I/usr/include/postgresql  -I/usr/local/include   -fpic  -g -O2 -fstack-protector-strong -Wformat -Werror=format-security -Wdate-time -D_FORTIFY_SOURCE=2 -g  -c RS-DBI.c -o RS-DBI.o
gcc -I"/usr/local/lib/R/include" -DNDEBUG -I/usr/include/postgresql  -I/usr/local/include   -fpic  -g -O2 -fstack-protector-strong -Wformat -Werror=format-security -Wdate-time -D_FORTIFY_SOURCE=2 -g  -c RS-PQescape.c -o RS-PQescape.o
gcc -I"/usr/local/lib/R/include" -DNDEBUG -I/usr/include/postgresql  -I/usr/local/include   -fpic  -g -O2 -fstack-protector-strong -Wformat -Werror=format-security -Wdate-time -D_FORTIFY_SOURCE=2 -g  -c RS-PostgreSQL.c -o RS-PostgreSQL.o
gcc -I"/usr/local/lib/R/include" -DNDEBUG -I/usr/include/postgresql  -I/usr/local/include   -fpic  -g -O2 -fstack-protector-strong -Wformat -Werror=format-security -Wdate-time -D_FORTIFY_SOURCE=2 -g  -c RS-pgsql-copy.c -o RS-pgsql-copy.o
gcc -I"/usr/local/lib/R/include" -DNDEBUG -I/usr/include/postgresql  -I/usr/local/include   -fpic  -g -O2 -fstack-protector-strong -Wformat -Werror=format-security -Wdate-time -D_FORTIFY_SOURCE=2 -g  -c RS-pgsql-getResult.c -o RS-pgsql-getResult.o
gcc -I"/usr/local/lib/R/include" -DNDEBUG -I/usr/include/postgresql  -I/usr/local/include   -fpic  -g -O2 -fstack-protector-strong -Wformat -Werror=format-security -Wdate-time -D_FORTIFY_SOURCE=2 -g  -c RS-pgsql-pqexec.c -o RS-pgsql-pqexec.o
gcc -I"/usr/local/lib/R/include" -DNDEBUG -I/usr/include/postgresql  -I/usr/local/include   -fpic  -g -O2 -fstack-protector-strong -Wformat -Werror=format-security -Wdate-time -D_FORTIFY_SOURCE=2 -g  -c RS-pgsql-pqexecparams.c -o RS-pgsql-pqexecparams.o
gcc -shared -L/usr/local/lib/R/lib -L/usr/local/lib -o RPostgreSQL.so RS-DBI.o RS-PQescape.o RS-PostgreSQL.o RS-pgsql-copy.o RS-pgsql-getResult.o RS-pgsql-pqexec.o RS-pgsql-pqexecparams.o -L/usr/lib/x86_64-linux-gnu -lpq -L/usr/local/lib/R/lib -lR
installing to /__w/gha-build/gha-build/built/00LOCK-RPostgreSQL/00new/RPostgreSQL/libs
** R
** inst
** byte-compile and prepare package for lazy loading
** help
*** installing help indices
** building package indices
** testing if installed package can be loaded from temporary location
** checking absolute paths in shared objects and dynamic libraries
** testing if installed package can be loaded from final location
** testing if installed package keeps a record of temporary installation path
* creating tarball
packaged installation of ‘RPostgreSQL’ as ‘RPostgreSQL_0.7-4_R_x86_64-pc-linux-gnu.tar.gz’
* DONE (RPostgreSQL)
