* installing *source* package ‘Rsamtools’ ...
** using staged installation
** libs
gcc -I"/usr/local/lib/R/include" -DNDEBUG -D_FILE_OFFSET_BITS=64 -I'/__w/gha-build/gha-build/built/Rhtslib/include' -I'/__w/gha-build/gha-build/built/S4Vectors/include' -I'/__w/gha-build/gha-build/built/IRanges/include' -I'/__w/gha-build/gha-build/built/XVector/include' -I'/__w/gha-build/gha-build/built/Biostrings/include' -I/usr/local/include   -fpic  -g -O2 -fstack-protector-strong -Wformat -Werror=format-security -Wdate-time -D_FORTIFY_SOURCE=2 -g  -c Biostrings_stubs.c -o Biostrings_stubs.o
gcc -I"/usr/local/lib/R/include" -DNDEBUG -D_FILE_OFFSET_BITS=64 -I'/__w/gha-build/gha-build/built/Rhtslib/include' -I'/__w/gha-build/gha-build/built/S4Vectors/include' -I'/__w/gha-build/gha-build/built/IRanges/include' -I'/__w/gha-build/gha-build/built/XVector/include' -I'/__w/gha-build/gha-build/built/Biostrings/include' -I/usr/local/include   -fpic  -g -O2 -fstack-protector-strong -Wformat -Werror=format-security -Wdate-time -D_FORTIFY_SOURCE=2 -g  -c COMPAT_bcf_hdr_read.c -o COMPAT_bcf_hdr_read.o
gcc -I"/usr/local/lib/R/include" -DNDEBUG -D_FILE_OFFSET_BITS=64 -I'/__w/gha-build/gha-build/built/Rhtslib/include' -I'/__w/gha-build/gha-build/built/S4Vectors/include' -I'/__w/gha-build/gha-build/built/IRanges/include' -I'/__w/gha-build/gha-build/built/XVector/include' -I'/__w/gha-build/gha-build/built/Biostrings/include' -I/usr/local/include   -fpic  -g -O2 -fstack-protector-strong -Wformat -Werror=format-security -Wdate-time -D_FORTIFY_SOURCE=2 -g  -c IRanges_stubs.c -o IRanges_stubs.o
g++ -std=gnu++14 -I"/usr/local/lib/R/include" -DNDEBUG -D_FILE_OFFSET_BITS=64 -I'/__w/gha-build/gha-build/built/Rhtslib/include' -I'/__w/gha-build/gha-build/built/S4Vectors/include' -I'/__w/gha-build/gha-build/built/IRanges/include' -I'/__w/gha-build/gha-build/built/XVector/include' -I'/__w/gha-build/gha-build/built/Biostrings/include' -I/usr/local/include   -fpic  -g -O2 -fstack-protector-strong -Wformat -Werror=format-security -Wdate-time -D_FORTIFY_SOURCE=2 -g  -c PileupBuffer.cpp -o PileupBuffer.o
g++ -std=gnu++14 -I"/usr/local/lib/R/include" -DNDEBUG -D_FILE_OFFSET_BITS=64 -I'/__w/gha-build/gha-build/built/Rhtslib/include' -I'/__w/gha-build/gha-build/built/S4Vectors/include' -I'/__w/gha-build/gha-build/built/IRanges/include' -I'/__w/gha-build/gha-build/built/XVector/include' -I'/__w/gha-build/gha-build/built/Biostrings/include' -I/usr/local/include   -fpic  -g -O2 -fstack-protector-strong -Wformat -Werror=format-security -Wdate-time -D_FORTIFY_SOURCE=2 -g  -c PosCacheColl.cpp -o PosCacheColl.o
gcc -I"/usr/local/lib/R/include" -DNDEBUG -D_FILE_OFFSET_BITS=64 -I'/__w/gha-build/gha-build/built/Rhtslib/include' -I'/__w/gha-build/gha-build/built/S4Vectors/include' -I'/__w/gha-build/gha-build/built/IRanges/include' -I'/__w/gha-build/gha-build/built/XVector/include' -I'/__w/gha-build/gha-build/built/Biostrings/include' -I/usr/local/include   -fpic  -g -O2 -fstack-protector-strong -Wformat -Werror=format-security -Wdate-time -D_FORTIFY_SOURCE=2 -g  -c R_init_Rsamtools.c -o R_init_Rsamtools.o
g++ -std=gnu++14 -I"/usr/local/lib/R/include" -DNDEBUG -D_FILE_OFFSET_BITS=64 -I'/__w/gha-build/gha-build/built/Rhtslib/include' -I'/__w/gha-build/gha-build/built/S4Vectors/include' -I'/__w/gha-build/gha-build/built/IRanges/include' -I'/__w/gha-build/gha-build/built/XVector/include' -I'/__w/gha-build/gha-build/built/Biostrings/include' -I/usr/local/include   -fpic  -g -O2 -fstack-protector-strong -Wformat -Werror=format-security -Wdate-time -D_FORTIFY_SOURCE=2 -g  -c ResultManager.cpp -o ResultManager.o
gcc -I"/usr/local/lib/R/include" -DNDEBUG -D_FILE_OFFSET_BITS=64 -I'/__w/gha-build/gha-build/built/Rhtslib/include' -I'/__w/gha-build/gha-build/built/S4Vectors/include' -I'/__w/gha-build/gha-build/built/IRanges/include' -I'/__w/gha-build/gha-build/built/XVector/include' -I'/__w/gha-build/gha-build/built/Biostrings/include' -I/usr/local/include   -fpic  -g -O2 -fstack-protector-strong -Wformat -Werror=format-security -Wdate-time -D_FORTIFY_SOURCE=2 -g  -c S4Vectors_stubs.c -o S4Vectors_stubs.o
gcc -I"/usr/local/lib/R/include" -DNDEBUG -D_FILE_OFFSET_BITS=64 -I'/__w/gha-build/gha-build/built/Rhtslib/include' -I'/__w/gha-build/gha-build/built/S4Vectors/include' -I'/__w/gha-build/gha-build/built/IRanges/include' -I'/__w/gha-build/gha-build/built/XVector/include' -I'/__w/gha-build/gha-build/built/Biostrings/include' -I/usr/local/include   -fpic  -g -O2 -fstack-protector-strong -Wformat -Werror=format-security -Wdate-time -D_FORTIFY_SOURCE=2 -g  -c XVector_stubs.c -o XVector_stubs.o
gcc -I"/usr/local/lib/R/include" -DNDEBUG -D_FILE_OFFSET_BITS=64 -I'/__w/gha-build/gha-build/built/Rhtslib/include' -I'/__w/gha-build/gha-build/built/S4Vectors/include' -I'/__w/gha-build/gha-build/built/IRanges/include' -I'/__w/gha-build/gha-build/built/XVector/include' -I'/__w/gha-build/gha-build/built/Biostrings/include' -I/usr/local/include   -fpic  -g -O2 -fstack-protector-strong -Wformat -Werror=format-security -Wdate-time -D_FORTIFY_SOURCE=2 -g  -c as_bam.c -o as_bam.o
gcc -I"/usr/local/lib/R/include" -DNDEBUG -D_FILE_OFFSET_BITS=64 -I'/__w/gha-build/gha-build/built/Rhtslib/include' -I'/__w/gha-build/gha-build/built/S4Vectors/include' -I'/__w/gha-build/gha-build/built/IRanges/include' -I'/__w/gha-build/gha-build/built/XVector/include' -I'/__w/gha-build/gha-build/built/Biostrings/include' -I/usr/local/include   -fpic  -g -O2 -fstack-protector-strong -Wformat -Werror=format-security -Wdate-time -D_FORTIFY_SOURCE=2 -g  -c bam.c -o bam.o
gcc -I"/usr/local/lib/R/include" -DNDEBUG -D_FILE_OFFSET_BITS=64 -I'/__w/gha-build/gha-build/built/Rhtslib/include' -I'/__w/gha-build/gha-build/built/S4Vectors/include' -I'/__w/gha-build/gha-build/built/IRanges/include' -I'/__w/gha-build/gha-build/built/XVector/include' -I'/__w/gha-build/gha-build/built/Biostrings/include' -I/usr/local/include   -fpic  -g -O2 -fstack-protector-strong -Wformat -Werror=format-security -Wdate-time -D_FORTIFY_SOURCE=2 -g  -c bam_data.c -o bam_data.o
g++ -std=gnu++14 -I"/usr/local/lib/R/include" -DNDEBUG -D_FILE_OFFSET_BITS=64 -I'/__w/gha-build/gha-build/built/Rhtslib/include' -I'/__w/gha-build/gha-build/built/S4Vectors/include' -I'/__w/gha-build/gha-build/built/IRanges/include' -I'/__w/gha-build/gha-build/built/XVector/include' -I'/__w/gha-build/gha-build/built/Biostrings/include' -I/usr/local/include   -fpic  -g -O2 -fstack-protector-strong -Wformat -Werror=format-security -Wdate-time -D_FORTIFY_SOURCE=2 -g  -c bam_mate_iter.cpp -o bam_mate_iter.o
In file included from /__w/gha-build/gha-build/built/Rhtslib/include/sam.h:29,
                 from Template.h:9,
                 from BamIterator.h:10,
                 from BamRangeIterator.h:7,
                 from bam_mate_iter.cpp:2:
BamRangeIterator.h: In member function ‘virtual void BamRangeIterator::finalize_inprogress(bamFile)’:
/__w/gha-build/gha-build/built/Rhtslib/include/bam.h:57:41: warning: ignoring return value of ‘int64_t bgzf_seek(BGZF*, int64_t, int)’, declared with attribute warn_unused_result [-Wunused-result]
   57 | #define bam_seek(fp, pos, dir) bgzf_seek(fp, pos, dir)
      |                                ~~~~~~~~~^~~~~~~~~~~~~~
BamRangeIterator.h:138:16: note: in expansion of macro ‘bam_seek’
  138 |         (void) bam_seek(bfile, pos, SEEK_SET);
      |                ^~~~~~~~
BamIterator.h: In constructor ‘BamIterator::BamIterator(bamFile, const bam_index_t*)’:
/__w/gha-build/gha-build/built/Rhtslib/include/bam.h:57:41: warning: ignoring return value of ‘int64_t bgzf_seek(BGZF*, int64_t, int)’, declared with attribute warn_unused_result [-Wunused-result]
   57 | #define bam_seek(fp, pos, dir) bgzf_seek(fp, pos, dir)
      |                                ~~~~~~~~~^~~~~~~~~~~~~~
BamIterator.h:87:16: note: in expansion of macro ‘bam_seek’
   87 |         (void) bam_seek(bfile, 0, 0);
      |                ^~~~~~~~
gcc -I"/usr/local/lib/R/include" -DNDEBUG -D_FILE_OFFSET_BITS=64 -I'/__w/gha-build/gha-build/built/Rhtslib/include' -I'/__w/gha-build/gha-build/built/S4Vectors/include' -I'/__w/gha-build/gha-build/built/IRanges/include' -I'/__w/gha-build/gha-build/built/XVector/include' -I'/__w/gha-build/gha-build/built/Biostrings/include' -I/usr/local/include   -fpic  -g -O2 -fstack-protector-strong -Wformat -Werror=format-security -Wdate-time -D_FORTIFY_SOURCE=2 -g  -c bam_plbuf.c -o bam_plbuf.o
gcc -I"/usr/local/lib/R/include" -DNDEBUG -D_FILE_OFFSET_BITS=64 -I'/__w/gha-build/gha-build/built/Rhtslib/include' -I'/__w/gha-build/gha-build/built/S4Vectors/include' -I'/__w/gha-build/gha-build/built/IRanges/include' -I'/__w/gha-build/gha-build/built/XVector/include' -I'/__w/gha-build/gha-build/built/Biostrings/include' -I/usr/local/include   -fpic  -g -O2 -fstack-protector-strong -Wformat -Werror=format-security -Wdate-time -D_FORTIFY_SOURCE=2 -g  -c bam_sort.c -o bam_sort.o
gcc -I"/usr/local/lib/R/include" -DNDEBUG -D_FILE_OFFSET_BITS=64 -I'/__w/gha-build/gha-build/built/Rhtslib/include' -I'/__w/gha-build/gha-build/built/S4Vectors/include' -I'/__w/gha-build/gha-build/built/IRanges/include' -I'/__w/gha-build/gha-build/built/XVector/include' -I'/__w/gha-build/gha-build/built/Biostrings/include' -I/usr/local/include   -fpic  -g -O2 -fstack-protector-strong -Wformat -Werror=format-security -Wdate-time -D_FORTIFY_SOURCE=2 -g  -c bambuffer.c -o bambuffer.o
gcc -I"/usr/local/lib/R/include" -DNDEBUG -D_FILE_OFFSET_BITS=64 -I'/__w/gha-build/gha-build/built/Rhtslib/include' -I'/__w/gha-build/gha-build/built/S4Vectors/include' -I'/__w/gha-build/gha-build/built/IRanges/include' -I'/__w/gha-build/gha-build/built/XVector/include' -I'/__w/gha-build/gha-build/built/Biostrings/include' -I/usr/local/include   -fpic  -g -O2 -fstack-protector-strong -Wformat -Werror=format-security -Wdate-time -D_FORTIFY_SOURCE=2 -g  -c bamfile.c -o bamfile.o
bamfile.c: In function ‘bamfile_isincomplete’:
bamfile.c:168:20: warning: ignoring return value of ‘bgzf_seek’, declared with attribute warn_unused_result [-Wunused-result]
  168 |             (void) bgzf_seek(bfile->file->x.bam, offset, SEEK_SET);
      |                    ^~~~~~~~~~~~~~~~~~~~~~~~~~~~~~~~~~~~~~~~~~~~~~~
gcc -I"/usr/local/lib/R/include" -DNDEBUG -D_FILE_OFFSET_BITS=64 -I'/__w/gha-build/gha-build/built/Rhtslib/include' -I'/__w/gha-build/gha-build/built/S4Vectors/include' -I'/__w/gha-build/gha-build/built/IRanges/include' -I'/__w/gha-build/gha-build/built/XVector/include' -I'/__w/gha-build/gha-build/built/Biostrings/include' -I/usr/local/include   -fpic  -g -O2 -fstack-protector-strong -Wformat -Werror=format-security -Wdate-time -D_FORTIFY_SOURCE=2 -g  -c bcffile.c -o bcffile.o
gcc -I"/usr/local/lib/R/include" -DNDEBUG -D_FILE_OFFSET_BITS=64 -I'/__w/gha-build/gha-build/built/Rhtslib/include' -I'/__w/gha-build/gha-build/built/S4Vectors/include' -I'/__w/gha-build/gha-build/built/IRanges/include' -I'/__w/gha-build/gha-build/built/XVector/include' -I'/__w/gha-build/gha-build/built/Biostrings/include' -I/usr/local/include   -fpic  -g -O2 -fstack-protector-strong -Wformat -Werror=format-security -Wdate-time -D_FORTIFY_SOURCE=2 -g  -c encode.c -o encode.o
gcc -I"/usr/local/lib/R/include" -DNDEBUG -D_FILE_OFFSET_BITS=64 -I'/__w/gha-build/gha-build/built/Rhtslib/include' -I'/__w/gha-build/gha-build/built/S4Vectors/include' -I'/__w/gha-build/gha-build/built/IRanges/include' -I'/__w/gha-build/gha-build/built/XVector/include' -I'/__w/gha-build/gha-build/built/Biostrings/include' -I/usr/local/include   -fpic  -g -O2 -fstack-protector-strong -Wformat -Werror=format-security -Wdate-time -D_FORTIFY_SOURCE=2 -g  -c fafile.c -o fafile.o
gcc -I"/usr/local/lib/R/include" -DNDEBUG -D_FILE_OFFSET_BITS=64 -I'/__w/gha-build/gha-build/built/Rhtslib/include' -I'/__w/gha-build/gha-build/built/S4Vectors/include' -I'/__w/gha-build/gha-build/built/IRanges/include' -I'/__w/gha-build/gha-build/built/XVector/include' -I'/__w/gha-build/gha-build/built/Biostrings/include' -I/usr/local/include   -fpic  -g -O2 -fstack-protector-strong -Wformat -Werror=format-security -Wdate-time -D_FORTIFY_SOURCE=2 -g  -c idxstats.c -o idxstats.o
In file included from /__w/gha-build/gha-build/built/Rhtslib/include/sam.h:29,
                 from bamfile.h:5,
                 from idxstats.c:1:
idxstats.c: In function ‘idxstats_bamfile’:
/__w/gha-build/gha-build/built/Rhtslib/include/bam.h:57:32: warning: ignoring return value of ‘bgzf_seek’, declared with attribute warn_unused_result [-Wunused-result]
   57 | #define bam_seek(fp, pos, dir) bgzf_seek(fp, pos, dir)
      |                                ^~~~~~~~~~~~~~~~~~~~~~~
idxstats.c:20:12: note: in expansion of macro ‘bam_seek’
   20 |     (void) bam_seek(fp, 0, 0);
      |            ^~~~~~~~
gcc -I"/usr/local/lib/R/include" -DNDEBUG -D_FILE_OFFSET_BITS=64 -I'/__w/gha-build/gha-build/built/Rhtslib/include' -I'/__w/gha-build/gha-build/built/S4Vectors/include' -I'/__w/gha-build/gha-build/built/IRanges/include' -I'/__w/gha-build/gha-build/built/XVector/include' -I'/__w/gha-build/gha-build/built/Biostrings/include' -I/usr/local/include   -fpic  -g -O2 -fstack-protector-strong -Wformat -Werror=format-security -Wdate-time -D_FORTIFY_SOURCE=2 -g  -c io_sam.c -o io_sam.o
In file included from /__w/gha-build/gha-build/built/Rhtslib/include/sam.h:29,
                 from io_sam.c:2:
io_sam.c: In function ‘_scan_bam_all’:
/__w/gha-build/gha-build/built/Rhtslib/include/bam.h:57:32: warning: ignoring return value of ‘bgzf_seek’, declared with attribute warn_unused_result [-Wunused-result]
   57 | #define bam_seek(fp, pos, dir) bgzf_seek(fp, pos, dir)
      |                                ^~~~~~~~~~~~~~~~~~~~~~~
io_sam.c:304:12: note: in expansion of macro ‘bam_seek’
  304 |     (void) bam_seek(bfile->file->x.bam, bfile->pos0, SEEK_SET);
      |            ^~~~~~~~
g++ -std=gnu++14 -I"/usr/local/lib/R/include" -DNDEBUG -D_FILE_OFFSET_BITS=64 -I'/__w/gha-build/gha-build/built/Rhtslib/include' -I'/__w/gha-build/gha-build/built/S4Vectors/include' -I'/__w/gha-build/gha-build/built/IRanges/include' -I'/__w/gha-build/gha-build/built/XVector/include' -I'/__w/gha-build/gha-build/built/Biostrings/include' -I/usr/local/include   -fpic  -g -O2 -fstack-protector-strong -Wformat -Werror=format-security -Wdate-time -D_FORTIFY_SOURCE=2 -g  -c pbuffer_wrapper.cpp -o pbuffer_wrapper.o
g++ -std=gnu++14 -I"/usr/local/lib/R/include" -DNDEBUG -D_FILE_OFFSET_BITS=64 -I'/__w/gha-build/gha-build/built/Rhtslib/include' -I'/__w/gha-build/gha-build/built/S4Vectors/include' -I'/__w/gha-build/gha-build/built/IRanges/include' -I'/__w/gha-build/gha-build/built/XVector/include' -I'/__w/gha-build/gha-build/built/Biostrings/include' -I/usr/local/include   -fpic  -g -O2 -fstack-protector-strong -Wformat -Werror=format-security -Wdate-time -D_FORTIFY_SOURCE=2 -g  -c pileup.cpp -o pileup.o
gcc -I"/usr/local/lib/R/include" -DNDEBUG -D_FILE_OFFSET_BITS=64 -I'/__w/gha-build/gha-build/built/Rhtslib/include' -I'/__w/gha-build/gha-build/built/S4Vectors/include' -I'/__w/gha-build/gha-build/built/IRanges/include' -I'/__w/gha-build/gha-build/built/XVector/include' -I'/__w/gha-build/gha-build/built/Biostrings/include' -I/usr/local/include   -fpic  -g -O2 -fstack-protector-strong -Wformat -Werror=format-security -Wdate-time -D_FORTIFY_SOURCE=2 -g  -c pileupbam.c -o pileupbam.o
gcc -I"/usr/local/lib/R/include" -DNDEBUG -D_FILE_OFFSET_BITS=64 -I'/__w/gha-build/gha-build/built/Rhtslib/include' -I'/__w/gha-build/gha-build/built/S4Vectors/include' -I'/__w/gha-build/gha-build/built/IRanges/include' -I'/__w/gha-build/gha-build/built/XVector/include' -I'/__w/gha-build/gha-build/built/Biostrings/include' -I/usr/local/include   -fpic  -g -O2 -fstack-protector-strong -Wformat -Werror=format-security -Wdate-time -D_FORTIFY_SOURCE=2 -g  -c sam.c -o sam.o
gcc -I"/usr/local/lib/R/include" -DNDEBUG -D_FILE_OFFSET_BITS=64 -I'/__w/gha-build/gha-build/built/Rhtslib/include' -I'/__w/gha-build/gha-build/built/S4Vectors/include' -I'/__w/gha-build/gha-build/built/IRanges/include' -I'/__w/gha-build/gha-build/built/XVector/include' -I'/__w/gha-build/gha-build/built/Biostrings/include' -I/usr/local/include   -fpic  -g -O2 -fstack-protector-strong -Wformat -Werror=format-security -Wdate-time -D_FORTIFY_SOURCE=2 -g  -c sam_opts.c -o sam_opts.o
In file included from /usr/include/stdio.h:867,
                 from /__w/gha-build/gha-build/built/Rhtslib/include/sam_opts.c:27,
                 from sam_opts.c:1:
In function ‘fprintf’,
    inlined from ‘parse_sam_global_opt’ at /__w/gha-build/gha-build/built/Rhtslib/include/sam_opts.c:85:9:
/usr/include/x86_64-linux-gnu/bits/stdio2.h:100:10: warning: ‘%s’ directive argument is null [-Wformat-overflow=]
  100 |   return __fprintf_chk (__stream, __USE_FORTIFY_LEVEL - 1, __fmt,
      |          ^~~~~~~~~~~~~~~~~~~~~~~~~~~~~~~~~~~~~~~~~~~~~~~~~~~~~~~~
  101 |    __va_arg_pack ());
      |    ~~~~~~~~~~~~~~~~~
gcc -I"/usr/local/lib/R/include" -DNDEBUG -D_FILE_OFFSET_BITS=64 -I'/__w/gha-build/gha-build/built/Rhtslib/include' -I'/__w/gha-build/gha-build/built/S4Vectors/include' -I'/__w/gha-build/gha-build/built/IRanges/include' -I'/__w/gha-build/gha-build/built/XVector/include' -I'/__w/gha-build/gha-build/built/Biostrings/include' -I/usr/local/include   -fpic  -g -O2 -fstack-protector-strong -Wformat -Werror=format-security -Wdate-time -D_FORTIFY_SOURCE=2 -g  -c sam_utils.c -o sam_utils.o
gcc -I"/usr/local/lib/R/include" -DNDEBUG -D_FILE_OFFSET_BITS=64 -I'/__w/gha-build/gha-build/built/Rhtslib/include' -I'/__w/gha-build/gha-build/built/S4Vectors/include' -I'/__w/gha-build/gha-build/built/IRanges/include' -I'/__w/gha-build/gha-build/built/XVector/include' -I'/__w/gha-build/gha-build/built/Biostrings/include' -I/usr/local/include   -fpic  -g -O2 -fstack-protector-strong -Wformat -Werror=format-security -Wdate-time -D_FORTIFY_SOURCE=2 -g  -c samtools_patch.c -o samtools_patch.o
gcc -I"/usr/local/lib/R/include" -DNDEBUG -D_FILE_OFFSET_BITS=64 -I'/__w/gha-build/gha-build/built/Rhtslib/include' -I'/__w/gha-build/gha-build/built/S4Vectors/include' -I'/__w/gha-build/gha-build/built/IRanges/include' -I'/__w/gha-build/gha-build/built/XVector/include' -I'/__w/gha-build/gha-build/built/Biostrings/include' -I/usr/local/include   -fpic  -g -O2 -fstack-protector-strong -Wformat -Werror=format-security -Wdate-time -D_FORTIFY_SOURCE=2 -g  -c scan_bam_data.c -o scan_bam_data.o
gcc -I"/usr/local/lib/R/include" -DNDEBUG -D_FILE_OFFSET_BITS=64 -I'/__w/gha-build/gha-build/built/Rhtslib/include' -I'/__w/gha-build/gha-build/built/S4Vectors/include' -I'/__w/gha-build/gha-build/built/IRanges/include' -I'/__w/gha-build/gha-build/built/XVector/include' -I'/__w/gha-build/gha-build/built/Biostrings/include' -I/usr/local/include   -fpic  -g -O2 -fstack-protector-strong -Wformat -Werror=format-security -Wdate-time -D_FORTIFY_SOURCE=2 -g  -c tabixfile.c -o tabixfile.o
tabixfile.c: In function ‘index_tabix’:
tabixfile.c:190:5: warning: ‘bgzf_is_bgzf’ is deprecated: Use bgzf_compression() or hts_detect_format() instead [-Wdeprecated-declarations]
  190 |     if (bgzf_is_bgzf(fn) != 1)
      |     ^~
In file included from tabixfile.c:3:
/__w/gha-build/gha-build/built/Rhtslib/include/htslib/bgzf.h:243:9: note: declared here
  243 |     int bgzf_is_bgzf(const char *fn) HTS_DEPRECATED("Use bgzf_compression() or hts_detect_format() instead");
      |         ^~~~~~~~~~~~
gcc -I"/usr/local/lib/R/include" -DNDEBUG -D_FILE_OFFSET_BITS=64 -I'/__w/gha-build/gha-build/built/Rhtslib/include' -I'/__w/gha-build/gha-build/built/S4Vectors/include' -I'/__w/gha-build/gha-build/built/IRanges/include' -I'/__w/gha-build/gha-build/built/XVector/include' -I'/__w/gha-build/gha-build/built/Biostrings/include' -I/usr/local/include   -fpic  -g -O2 -fstack-protector-strong -Wformat -Werror=format-security -Wdate-time -D_FORTIFY_SOURCE=2 -g  -c tagfilter.c -o tagfilter.o
gcc -I"/usr/local/lib/R/include" -DNDEBUG -D_FILE_OFFSET_BITS=64 -I'/__w/gha-build/gha-build/built/Rhtslib/include' -I'/__w/gha-build/gha-build/built/S4Vectors/include' -I'/__w/gha-build/gha-build/built/IRanges/include' -I'/__w/gha-build/gha-build/built/XVector/include' -I'/__w/gha-build/gha-build/built/Biostrings/include' -I/usr/local/include   -fpic  -g -O2 -fstack-protector-strong -Wformat -Werror=format-security -Wdate-time -D_FORTIFY_SOURCE=2 -g  -c utilities.c -o utilities.o
gcc -I"/usr/local/lib/R/include" -DNDEBUG -D_FILE_OFFSET_BITS=64 -I'/__w/gha-build/gha-build/built/Rhtslib/include' -I'/__w/gha-build/gha-build/built/S4Vectors/include' -I'/__w/gha-build/gha-build/built/IRanges/include' -I'/__w/gha-build/gha-build/built/XVector/include' -I'/__w/gha-build/gha-build/built/Biostrings/include' -I/usr/local/include   -fpic  -g -O2 -fstack-protector-strong -Wformat -Werror=format-security -Wdate-time -D_FORTIFY_SOURCE=2 -g  -c zip_compression.c -o zip_compression.o
g++ -std=gnu++14 -shared -L/usr/local/lib/R/lib -L/usr/local/lib -o Rsamtools.so Biostrings_stubs.o COMPAT_bcf_hdr_read.o IRanges_stubs.o PileupBuffer.o PosCacheColl.o R_init_Rsamtools.o ResultManager.o S4Vectors_stubs.o XVector_stubs.o as_bam.o bam.o bam_data.o bam_mate_iter.o bam_plbuf.o bam_sort.o bambuffer.o bamfile.o bcffile.o encode.o fafile.o idxstats.o io_sam.o pbuffer_wrapper.o pileup.o pileupbam.o sam.o sam_opts.o sam_utils.o samtools_patch.o scan_bam_data.o tabixfile.o tagfilter.o utilities.o zip_compression.o /__w/gha-build/gha-build/built/Rhtslib/usrlib/libhts.a -lcurl -L/usr/local/lib/R/lib -lR
installing to /__w/gha-build/gha-build/built/00LOCK-Rsamtools/00new/Rsamtools/libs
** R
** inst
** byte-compile and prepare package for lazy loading
** help
*** installing help indices
** building package indices
** installing vignettes
** testing if installed package can be loaded from temporary location
** checking absolute paths in shared objects and dynamic libraries
** testing if installed package can be loaded from final location
** testing if installed package keeps a record of temporary installation path
* creating tarball
packaged installation of ‘Rsamtools’ as ‘Rsamtools_2.12.0_R_x86_64-pc-linux-gnu.tar.gz’
* DONE (Rsamtools)
