* installing *source* package ‘SPLINTER’ ...
** using staged installation
** R
** data
*** moving datasets to lazyload DB
** inst
** byte-compile and prepare package for lazy loading
Creating a generic function for 'toJSON' from package 'jsonlite' in package 'googleVis'
** help
*** installing help indices
** building package indices
** installing vignettes
** testing if installed package can be loaded from temporary location
Creating a generic function for 'toJSON' from package 'jsonlite' in package 'googleVis'
** testing if installed package can be loaded from final location
Creating a generic function for 'toJSON' from package 'jsonlite' in package 'googleVis'
** testing if installed package keeps a record of temporary installation path
* creating tarball
packaged installation of ‘SPLINTER’ as ‘SPLINTER_1.22.0_R_x86_64-pc-linux-gnu.tar.gz’
* DONE (SPLINTER)
