* installing *source* package ‘SPONGE’ ...
** using staged installation
** R
** data
*** moving datasets to lazyload DB
** inst
** byte-compile and prepare package for lazy loading
Warning: replacing previous import ‘biomaRt::select’ by ‘dplyr::select’ when loading ‘SPONGE’
Warning: replacing previous import ‘Biobase::combine’ by ‘dplyr::combine’ when loading ‘SPONGE’
Warning: replacing previous import ‘cvms::font’ by ‘ggpubr::font’ when loading ‘SPONGE’
Warning: replacing previous import ‘ggplot2::margin’ by ‘randomForest::margin’ when loading ‘SPONGE’
Warning: replacing previous import ‘dplyr::combine’ by ‘randomForest::combine’ when loading ‘SPONGE’
Warning: replacing previous import ‘Biobase::exprs’ by ‘rlang::exprs’ when loading ‘SPONGE’
Warning: replacing previous import ‘rlang::exprs’ by ‘Biobase::exprs’ when loading ‘SPONGE’
Note: next used in wrong context: no loop is visible 
** help
*** installing help indices
** building package indices
** installing vignettes
** testing if installed package can be loaded from temporary location
Warning: replacing previous import ‘biomaRt::select’ by ‘dplyr::select’ when loading ‘SPONGE’
Warning: replacing previous import ‘Biobase::combine’ by ‘dplyr::combine’ when loading ‘SPONGE’
Warning: replacing previous import ‘cvms::font’ by ‘ggpubr::font’ when loading ‘SPONGE’
Warning: replacing previous import ‘ggplot2::margin’ by ‘randomForest::margin’ when loading ‘SPONGE’
Warning: replacing previous import ‘dplyr::combine’ by ‘randomForest::combine’ when loading ‘SPONGE’
Warning: replacing previous import ‘Biobase::exprs’ by ‘rlang::exprs’ when loading ‘SPONGE’
Warning: replacing previous import ‘rlang::exprs’ by ‘Biobase::exprs’ when loading ‘SPONGE’
** testing if installed package can be loaded from final location
Warning: replacing previous import ‘biomaRt::select’ by ‘dplyr::select’ when loading ‘SPONGE’
Warning: replacing previous import ‘Biobase::combine’ by ‘dplyr::combine’ when loading ‘SPONGE’
Warning: replacing previous import ‘cvms::font’ by ‘ggpubr::font’ when loading ‘SPONGE’
Warning: replacing previous import ‘ggplot2::margin’ by ‘randomForest::margin’ when loading ‘SPONGE’
Warning: replacing previous import ‘dplyr::combine’ by ‘randomForest::combine’ when loading ‘SPONGE’
Warning: replacing previous import ‘Biobase::exprs’ by ‘rlang::exprs’ when loading ‘SPONGE’
Warning: replacing previous import ‘rlang::exprs’ by ‘Biobase::exprs’ when loading ‘SPONGE’
** testing if installed package keeps a record of temporary installation path
* creating tarball
packaged installation of ‘SPONGE’ as ‘SPONGE_1.18.1_R_x86_64-pc-linux-gnu.tar.gz’
* DONE (SPONGE)
