* installing *source* package ‘TFBSTools’ ...
** using staged installation
** libs
gcc -I"/usr/local/lib/R/include" -DNDEBUG   -I/usr/local/include   -fpic  -g -O2 -fstack-protector-strong -Wformat -Werror=format-security -Wdate-time -D_FORTIFY_SOURCE=2 -g  -c matrixAlignerDynamic.c -o matrixAlignerDynamic.o
gcc -I"/usr/local/lib/R/include" -DNDEBUG   -I/usr/local/include   -fpic  -g -O2 -fstack-protector-strong -Wformat -Werror=format-security -Wdate-time -D_FORTIFY_SOURCE=2 -g  -c R_init_TFBSTools.c -o R_init_TFBSTools.o
gcc -shared -L/usr/local/lib/R/lib -L/usr/local/lib -o TFBSTools.so matrixAlignerDynamic.o R_init_TFBSTools.o -L/usr/local/lib/R/lib -lR
installing to /__w/gha-build/gha-build/built/00LOCK-TFBSTools/00new/TFBSTools/libs
** R
** data
*** moving datasets to lazyload DB
** inst
** byte-compile and prepare package for lazy loading
Creating a new generic function for ‘seqLogo’ in package ‘TFBSTools’
** help
*** installing help indices
** building package indices
** installing vignettes
** testing if installed package can be loaded from temporary location
** checking absolute paths in shared objects and dynamic libraries
** testing if installed package can be loaded from final location
** testing if installed package keeps a record of temporary installation path
* creating tarball
packaged installation of ‘TFBSTools’ as ‘TFBSTools_1.34.0_R_x86_64-pc-linux-gnu.tar.gz’
* DONE (TFBSTools)
