* installing *source* package ‘xcms’ ...
** using staged installation
** libs
rm -f massifquant/xcms_massifquant.o massifquant/TrMgr.o massifquant/Tracker.o massifquant/SegProc.o massifquant/DataKeeper.o massifquant/OpOverload.o obiwarp/mat.o obiwarp/vec.o obiwarp/xcms_dynprog.o obiwarp/xcms_lmat.o xcms_obiwarp.o fastMatch.o mzClust_hclust.o mzROI.o util.o xcms.o binners.o
g++ -std=gnu++14 -I"/usr/local/lib/R/include" -DNDEBUG   -I/usr/local/include   -fpic  -g -O2 -fstack-protector-strong -Wformat -Werror=format-security -Wdate-time -D_FORTIFY_SOURCE=2 -g  -c massifquant/xcms_massifquant.cpp -o massifquant/xcms_massifquant.o
g++ -std=gnu++14 -I"/usr/local/lib/R/include" -DNDEBUG   -I/usr/local/include   -fpic  -g -O2 -fstack-protector-strong -Wformat -Werror=format-security -Wdate-time -D_FORTIFY_SOURCE=2 -g  -c massifquant/TrMgr.cpp -o massifquant/TrMgr.o
g++ -std=gnu++14 -I"/usr/local/lib/R/include" -DNDEBUG   -I/usr/local/include   -fpic  -g -O2 -fstack-protector-strong -Wformat -Werror=format-security -Wdate-time -D_FORTIFY_SOURCE=2 -g  -c massifquant/Tracker.cpp -o massifquant/Tracker.o
g++ -std=gnu++14 -I"/usr/local/lib/R/include" -DNDEBUG   -I/usr/local/include   -fpic  -g -O2 -fstack-protector-strong -Wformat -Werror=format-security -Wdate-time -D_FORTIFY_SOURCE=2 -g  -c massifquant/SegProc.cpp -o massifquant/SegProc.o
g++ -std=gnu++14 -I"/usr/local/lib/R/include" -DNDEBUG   -I/usr/local/include   -fpic  -g -O2 -fstack-protector-strong -Wformat -Werror=format-security -Wdate-time -D_FORTIFY_SOURCE=2 -g  -c massifquant/DataKeeper.cpp -o massifquant/DataKeeper.o
g++ -std=gnu++14 -I"/usr/local/lib/R/include" -DNDEBUG   -I/usr/local/include   -fpic  -g -O2 -fstack-protector-strong -Wformat -Werror=format-security -Wdate-time -D_FORTIFY_SOURCE=2 -g  -c massifquant/OpOverload.cpp -o massifquant/OpOverload.o
g++ -std=gnu++14 -I"/usr/local/lib/R/include" -DNDEBUG   -I/usr/local/include   -fpic  -g -O2 -fstack-protector-strong -Wformat -Werror=format-security -Wdate-time -D_FORTIFY_SOURCE=2 -g  -c obiwarp/mat.cpp -o obiwarp/mat.o
g++ -std=gnu++14 -I"/usr/local/lib/R/include" -DNDEBUG   -I/usr/local/include   -fpic  -g -O2 -fstack-protector-strong -Wformat -Werror=format-security -Wdate-time -D_FORTIFY_SOURCE=2 -g  -c obiwarp/vec.cpp -o obiwarp/vec.o
g++ -std=gnu++14 -I"/usr/local/lib/R/include" -DNDEBUG   -I/usr/local/include   -fpic  -g -O2 -fstack-protector-strong -Wformat -Werror=format-security -Wdate-time -D_FORTIFY_SOURCE=2 -g  -c obiwarp/xcms_dynprog.cpp -o obiwarp/xcms_dynprog.o
g++ -std=gnu++14 -I"/usr/local/lib/R/include" -DNDEBUG   -I/usr/local/include   -fpic  -g -O2 -fstack-protector-strong -Wformat -Werror=format-security -Wdate-time -D_FORTIFY_SOURCE=2 -g  -c obiwarp/xcms_lmat.cpp -o obiwarp/xcms_lmat.o
g++ -std=gnu++14 -I"/usr/local/lib/R/include" -DNDEBUG   -I/usr/local/include   -fpic  -g -O2 -fstack-protector-strong -Wformat -Werror=format-security -Wdate-time -D_FORTIFY_SOURCE=2 -g  -c xcms_obiwarp.cpp -o xcms_obiwarp.o
gcc -I"/usr/local/lib/R/include" -DNDEBUG   -I/usr/local/include   -fpic  -g -O2 -fstack-protector-strong -Wformat -Werror=format-security -Wdate-time -D_FORTIFY_SOURCE=2 -g  -c fastMatch.c -o fastMatch.o
gcc -I"/usr/local/lib/R/include" -DNDEBUG   -I/usr/local/include   -fpic  -g -O2 -fstack-protector-strong -Wformat -Werror=format-security -Wdate-time -D_FORTIFY_SOURCE=2 -g  -c mzClust_hclust.c -o mzClust_hclust.o
gcc -I"/usr/local/lib/R/include" -DNDEBUG   -I/usr/local/include   -fpic  -g -O2 -fstack-protector-strong -Wformat -Werror=format-security -Wdate-time -D_FORTIFY_SOURCE=2 -g  -c mzROI.c -o mzROI.o
gcc -I"/usr/local/lib/R/include" -DNDEBUG   -I/usr/local/include   -fpic  -g -O2 -fstack-protector-strong -Wformat -Werror=format-security -Wdate-time -D_FORTIFY_SOURCE=2 -g  -c util.c -o util.o
gcc -I"/usr/local/lib/R/include" -DNDEBUG   -I/usr/local/include   -fpic  -g -O2 -fstack-protector-strong -Wformat -Werror=format-security -Wdate-time -D_FORTIFY_SOURCE=2 -g  -c xcms.c -o xcms.o
gcc -I"/usr/local/lib/R/include" -DNDEBUG   -I/usr/local/include   -fpic  -g -O2 -fstack-protector-strong -Wformat -Werror=format-security -Wdate-time -D_FORTIFY_SOURCE=2 -g  -c binners.c -o binners.o
g++ -std=gnu++14 -shared -L/usr/local/lib/R/lib -L/usr/local/lib -o xcms.so massifquant/xcms_massifquant.o massifquant/TrMgr.o massifquant/Tracker.o massifquant/SegProc.o massifquant/DataKeeper.o massifquant/OpOverload.o obiwarp/mat.o obiwarp/vec.o obiwarp/xcms_dynprog.o obiwarp/xcms_lmat.o xcms_obiwarp.o fastMatch.o mzClust_hclust.o mzROI.o util.o xcms.o binners.o -L/usr/local/lib/R/lib -lR
installing to /__w/gha-build/gha-build/built/00LOCK-xcms/00new/xcms/libs
** R
** data
** inst
** byte-compile and prepare package for lazy loading
Creating a new generic function for ‘group’ in package ‘xcms’
Creating a new generic function for ‘sigma’ in package ‘xcms’
Creating a generic function from function ‘hasFilledChromPeaks’ in package ‘xcms’
** help
*** installing help indices
** building package indices
** installing vignettes
** testing if installed package can be loaded from temporary location
** checking absolute paths in shared objects and dynamic libraries
** testing if installed package can be loaded from final location
** testing if installed package keeps a record of temporary installation path
* creating tarball
packaged installation of ‘xcms’ as ‘xcms_3.18.0_R_x86_64-pc-linux-gnu.tar.gz’
* DONE (xcms)
